
C:\test\workspaces\jee\jisudokusolver\sample_scripts>rem search for a puzzle with a specified difficulty level 

C:\test\workspaces\jee\jisudokusolver\sample_scripts>rem this can take some time 

C:\test\workspaces\jee\jisudokusolver\sample_scripts>rem level 1 

C:\test\workspaces\jee\jisudokusolver\sample_scripts>java -jar ..\jisudokusolver.jar -gc 1 --seed 1 
searching generated puzzles with target capability of 1
generated puzzle level: 2
after reduction, puzzle level: 2
generated # 1 puzzles tried: 1
generated puzzle level: 2
after reduction, puzzle level: 2
generated # 2 puzzles tried: 2
generated puzzle level: 2
after reduction, puzzle level: 3
generated # 3 puzzles tried: 3
generated puzzle level: 2
after reduction, puzzle level: 2
generated # 4 puzzles tried: 4
generated puzzle level: 2
after reduction, puzzle level: 7
generated # 5 puzzles tried: 5
generated puzzle level: 1
generated # 6 puzzles tried: 6
. 1 3  . 2 6  . 5 .
. . 2  1 5 4  . . .
4 . 5  . . 9  2 8 .

. . 8  2 . .  9 7 .
. 2 .  . . 7  5 . .
9 . .  3 8 5  . 2 .

6 . 4  . . .  . 3 2
. 8 .  . . .  . 9 .
. . .  . . .  . . 6
miliseconds used: 2938

C:\test\workspaces\jee\jisudokusolver\sample_scripts>rem level 2 

C:\test\workspaces\jee\jisudokusolver\sample_scripts>java -jar ..\jisudokusolver.jar -gc 2 --seed 1 
searching generated puzzles with target capability of 2
generated puzzle level: 2
generated # 1 puzzles tried: 1
5 . .  . . 3  . 1 .
4 . .  2 8 .  . 3 .
2 . .  1 7 .  . 9 .

. 1 .  . . 2  3 7 .
3 . .  . . 7  . 2 4
. 8 2  . . .  . . 6

. . .  9 3 .  . 6 2
1 . .  . . .  . . .
. . .  7 4 .  . . .
miliseconds used: 94

C:\test\workspaces\jee\jisudokusolver\sample_scripts>rem level 3 

C:\test\workspaces\jee\jisudokusolver\sample_scripts>java -jar ..\jisudokusolver.jar -gc 3 --seed 1  
searching generated puzzles with target capability of 3
generated puzzle level: 2
after reduction, puzzle level: 2
generated # 1 puzzles tried: 1
generated puzzle level: 2
after reduction, puzzle level: 2
generated # 2 puzzles tried: 2
generated puzzle level: 2
after reduction, puzzle level: 3
generated # 3 puzzles tried: 3
. . .  1 . .  . 6 4
4 . .  . . 9  . . .
5 7 .  . . .  8 9 .

8 2 .  . . .  3 . .
. . .  . . .  . 7 .
. . .  3 6 .  . 5 .

9 4 1  . . .  . . 2
. . .  . . .  . 8 .
3 . .  . . 4  . . .
miliseconds used: 1922

C:\test\workspaces\jee\jisudokusolver\sample_scripts>rem level 4 

C:\test\workspaces\jee\jisudokusolver\sample_scripts>java -jar ..\jisudokusolver.jar -gc 4 --seed 1 
searching generated puzzles with target capability of 4
generated puzzle level: 2
after reduction, puzzle level: 2
generated # 1 puzzles tried: 1
generated puzzle level: 2
after reduction, puzzle level: 2
generated # 2 puzzles tried: 2
generated puzzle level: 2
after reduction, puzzle level: 3
generated # 3 puzzles tried: 3
generated puzzle level: 2
after reduction, puzzle level: 2
generated # 4 puzzles tried: 4
generated puzzle level: 2
after reduction, puzzle level: 7
generated # 5 puzzles tried: 5
generated puzzle level: 1
after reduction, puzzle level: 2
generated # 6 puzzles tried: 6
generated puzzle level: 2
after reduction, puzzle level: 7
generated # 7 puzzles tried: 7
generated puzzle level: 2
after reduction, puzzle level: 2
generated # 8 puzzles tried: 8
generated puzzle level: 2
after reduction, puzzle level: 7
generated # 9 puzzles tried: 9
generated puzzle level: 2
after reduction, puzzle level: 2
generated # 10 puzzles tried: 10
generated puzzle level: 1
after reduction, puzzle level: 2
generated # 11 puzzles tried: 11
generated puzzle level: 2
after reduction, puzzle level: 2
generated # 12 puzzles tried: 12
generated puzzle level: 1
after reduction, puzzle level: 2
generated # 13 puzzles tried: 13
generated puzzle level: 2
after reduction, puzzle level: 7
generated # 14 puzzles tried: 14
generated puzzle level: 1
after reduction, puzzle level: 2
generated # 15 puzzles tried: 15
generated puzzle level: 1
after reduction, puzzle level: 2
generated # 16 puzzles tried: 16
generated puzzle level: 1
after reduction, puzzle level: 2
generated # 17 puzzles tried: 17
generated puzzle level: 2
after reduction, puzzle level: 2
generated # 18 puzzles tried: 18
generated puzzle level: 1
after reduction, puzzle level: 4
generated # 19 puzzles tried: 19
. . 8  . . .  4 . .
. 7 .  9 . .  . . .
. . 2  . . 1  . 3 .

7 . .  . 8 3  . 6 .
. . 5  . . .  . 4 9
. . 1  . 2 .  . . .

. 1 9  . . .  . 7 .
2 8 .  . . .  . . .
. . .  . 4 .  6 . .
miliseconds used: 9281

C:\test\workspaces\jee\jisudokusolver\sample_scripts>rem level 5 

C:\test\workspaces\jee\jisudokusolver\sample_scripts>java -jar ..\jisudokusolver.jar -gc 5 --seed 1 
searching generated puzzles with target capability of 5
generated puzzle level: 2
after reduction, puzzle level: 2
generated # 1 puzzles tried: 1
generated puzzle level: 2
after reduction, puzzle level: 2
generated # 2 puzzles tried: 2
generated puzzle level: 2
after reduction, puzzle level: 3
generated # 3 puzzles tried: 3
generated puzzle level: 2
after reduction, puzzle level: 2
generated # 4 puzzles tried: 4
generated puzzle level: 2
after reduction, puzzle level: 7
generated # 5 puzzles tried: 5
generated puzzle level: 1
after reduction, puzzle level: 2
generated # 6 puzzles tried: 6
generated puzzle level: 2
after reduction, puzzle level: 7
generated # 7 puzzles tried: 7
generated puzzle level: 2
after reduction, puzzle level: 2
generated # 8 puzzles tried: 8
generated puzzle level: 2
after reduction, puzzle level: 7
generated # 9 puzzles tried: 9
generated puzzle level: 2
after reduction, puzzle level: 2
generated # 10 puzzles tried: 10
generated puzzle level: 1
after reduction, puzzle level: 2
generated # 11 puzzles tried: 11
generated puzzle level: 2
after reduction, puzzle level: 2
generated # 12 puzzles tried: 12
generated puzzle level: 1
after reduction, puzzle level: 2
generated # 13 puzzles tried: 13
generated puzzle level: 2
after reduction, puzzle level: 7
generated # 14 puzzles tried: 14
generated puzzle level: 1
after reduction, puzzle level: 2
generated # 15 puzzles tried: 15
generated puzzle level: 1
after reduction, puzzle level: 2
generated # 16 puzzles tried: 16
generated puzzle level: 1
after reduction, puzzle level: 2
generated # 17 puzzles tried: 17
generated puzzle level: 2
after reduction, puzzle level: 2
generated # 18 puzzles tried: 18
generated puzzle level: 1
after reduction, puzzle level: 4
generated # 19 puzzles tried: 19
generated puzzle level: 1
after reduction, puzzle level: 7
generated # 20 puzzles tried: 20
generated puzzle level: 2
after reduction, puzzle level: 7
generated # 21 puzzles tried: 21
generated puzzle level: 2
after reduction, puzzle level: 7
generated # 22 puzzles tried: 22
generated puzzle level: 1
after reduction, puzzle level: 7
generated # 23 puzzles tried: 23
generated puzzle level: 2
after reduction, puzzle level: 2
generated # 24 puzzles tried: 24
generated puzzle level: 1
after reduction, puzzle level: 7
generated # 25 puzzles tried: 25
generated puzzle level: 2
after reduction, puzzle level: 4
generated # 26 puzzles tried: 26
generated puzzle level: 1
after reduction, puzzle level: 2
generated # 27 puzzles tried: 27
generated puzzle level: 1
after reduction, puzzle level: 3
generated # 28 puzzles tried: 28
generated puzzle level: 2
after reduction, puzzle level: 2
generated # 29 puzzles tried: 29
generated puzzle level: 2
after reduction, puzzle level: 3
generated # 30 puzzles tried: 30
generated puzzle level: 1
after reduction, puzzle level: 2
generated # 31 puzzles tried: 31
generated puzzle level: 2
after reduction, puzzle level: 2
generated # 32 puzzles tried: 32
generated puzzle level: 2
after reduction, puzzle level: 3
generated # 33 puzzles tried: 33
generated puzzle level: 2
after reduction, puzzle level: 2
generated # 34 puzzles tried: 34
generated puzzle level: 1
after reduction, puzzle level: 7
generated # 35 puzzles tried: 35
generated puzzle level: 1
after reduction, puzzle level: 7
generated # 36 puzzles tried: 36
generated puzzle level: 1
after reduction, puzzle level: 7
generated # 37 puzzles tried: 37
generated puzzle level: 1
after reduction, puzzle level: 2
generated # 38 puzzles tried: 38
generated puzzle level: 2
after reduction, puzzle level: 2
generated # 39 puzzles tried: 39
generated puzzle level: 2
after reduction, puzzle level: 2
generated # 40 puzzles tried: 40
generated puzzle level: 2
after reduction, puzzle level: 2
generated # 41 puzzles tried: 41
generated puzzle level: 1
after reduction, puzzle level: 7
generated # 42 puzzles tried: 42
generated puzzle level: 2
after reduction, puzzle level: 2
generated # 43 puzzles tried: 43
generated puzzle level: 1
after reduction, puzzle level: 2
generated # 44 puzzles tried: 44
generated puzzle level: 1
after reduction, puzzle level: 7
generated # 45 puzzles tried: 45
generated puzzle level: 1
after reduction, puzzle level: 7
generated # 46 puzzles tried: 46
generated puzzle level: 1
after reduction, puzzle level: 2
generated # 47 puzzles tried: 47
generated puzzle level: 2
after reduction, puzzle level: 7
generated # 48 puzzles tried: 48
generated puzzle level: 2
after reduction, puzzle level: 7
generated # 49 puzzles tried: 49
generated puzzle level: 1
after reduction, puzzle level: 2
generated # 50 puzzles tried: 50
generated puzzle level: 1
after reduction, puzzle level: 2
generated # 51 puzzles tried: 51
generated puzzle level: 1
after reduction, puzzle level: 2
generated # 52 puzzles tried: 52
generated puzzle level: 1
after reduction, puzzle level: 2
generated # 53 puzzles tried: 53
generated puzzle level: 2
after reduction, puzzle level: 4
generated # 54 puzzles tried: 54
generated puzzle level: 2
after reduction, puzzle level: 4
generated # 55 puzzles tried: 55
generated puzzle level: 1
after reduction, puzzle level: 2
generated # 56 puzzles tried: 56
generated puzzle level: 2
after reduction, puzzle level: 2
generated # 57 puzzles tried: 57
generated puzzle level: 1
after reduction, puzzle level: 7
generated # 58 puzzles tried: 58
generated puzzle level: 2
after reduction, puzzle level: 7
generated # 59 puzzles tried: 59
generated puzzle level: 1
after reduction, puzzle level: 2
generated # 60 puzzles tried: 60
generated puzzle level: 2
after reduction, puzzle level: 3
generated # 61 puzzles tried: 61
generated puzzle level: 2
after reduction, puzzle level: 2
generated # 62 puzzles tried: 62
generated puzzle level: 2
after reduction, puzzle level: 2
generated # 63 puzzles tried: 63
generated puzzle level: 1
after reduction, puzzle level: 4
generated # 64 puzzles tried: 64
generated puzzle level: 2
after reduction, puzzle level: 2
generated # 65 puzzles tried: 65
generated puzzle level: 1
after reduction, puzzle level: 2
generated # 66 puzzles tried: 66
generated puzzle level: 1
after reduction, puzzle level: 7
generated # 67 puzzles tried: 67
generated puzzle level: 1
after reduction, puzzle level: 2
generated # 68 puzzles tried: 68
generated puzzle level: 1
after reduction, puzzle level: 2
generated # 69 puzzles tried: 69
generated puzzle level: 1
after reduction, puzzle level: 2
generated # 70 puzzles tried: 70
generated puzzle level: 1
after reduction, puzzle level: 3
generated # 71 puzzles tried: 71
generated puzzle level: 1
after reduction, puzzle level: 4
generated # 72 puzzles tried: 72
generated puzzle level: 2
after reduction, puzzle level: 7
generated # 73 puzzles tried: 73
generated puzzle level: 2
after reduction, puzzle level: 7
generated # 74 puzzles tried: 74
generated puzzle level: 2
after reduction, puzzle level: 3
generated # 75 puzzles tried: 75
generated puzzle level: 1
after reduction, puzzle level: 7
generated # 76 puzzles tried: 76
generated puzzle level: 1
after reduction, puzzle level: 2
generated # 77 puzzles tried: 77
generated puzzle level: 2
after reduction, puzzle level: 2
generated # 78 puzzles tried: 78
generated puzzle level: 1
after reduction, puzzle level: 2
generated # 79 puzzles tried: 79
generated puzzle level: 1
after reduction, puzzle level: 3
generated # 80 puzzles tried: 80
generated puzzle level: 2
after reduction, puzzle level: 5
generated # 81 puzzles tried: 81
. . .  . 4 9  1 2 .
9 . .  . . .  . . 5
. . 6  . . .  . . .

. . .  4 . 8  . 3 .
. 3 .  . . 1  . 9 .
. . .  . . 5  7 . .

. 2 .  . . .  . 4 .
. . .  . . 3  . . 2
5 1 .  . 9 .  . . .
miliseconds used: 37953

C:\test\workspaces\jee\jisudokusolver\sample_scripts>rem level 6 

C:\test\workspaces\jee\jisudokusolver\sample_scripts>java -jar ..\jisudokusolver.jar -gc 6 --seed 1 
searching generated puzzles with target capability of 6
generated puzzle level: 2
after reduction, puzzle level: 2
generated # 1 puzzles tried: 1
generated puzzle level: 2
after reduction, puzzle level: 2
generated # 2 puzzles tried: 2
generated puzzle level: 2
after reduction, puzzle level: 3
generated # 3 puzzles tried: 3
generated puzzle level: 2
after reduction, puzzle level: 2
generated # 4 puzzles tried: 4
generated puzzle level: 2
after reduction, puzzle level: 7
generated # 5 puzzles tried: 5
generated puzzle level: 1
after reduction, puzzle level: 2
generated # 6 puzzles tried: 6
generated puzzle level: 2
after reduction, puzzle level: 7
generated # 7 puzzles tried: 7
generated puzzle level: 2
after reduction, puzzle level: 2
generated # 8 puzzles tried: 8
generated puzzle level: 2
after reduction, puzzle level: 7
generated # 9 puzzles tried: 9
generated puzzle level: 2
after reduction, puzzle level: 2
generated # 10 puzzles tried: 10
generated puzzle level: 1
after reduction, puzzle level: 2
generated # 11 puzzles tried: 11
generated puzzle level: 2
after reduction, puzzle level: 2
generated # 12 puzzles tried: 12
generated puzzle level: 1
after reduction, puzzle level: 2
generated # 13 puzzles tried: 13
generated puzzle level: 2
after reduction, puzzle level: 7
generated # 14 puzzles tried: 14
generated puzzle level: 1
after reduction, puzzle level: 2
generated # 15 puzzles tried: 15
generated puzzle level: 1
after reduction, puzzle level: 2
generated # 16 puzzles tried: 16
generated puzzle level: 1
after reduction, puzzle level: 2
generated # 17 puzzles tried: 17
generated puzzle level: 2
after reduction, puzzle level: 2
generated # 18 puzzles tried: 18
generated puzzle level: 1
after reduction, puzzle level: 4
generated # 19 puzzles tried: 19
generated puzzle level: 1
after reduction, puzzle level: 7
generated # 20 puzzles tried: 20
generated puzzle level: 2
after reduction, puzzle level: 7
generated # 21 puzzles tried: 21
generated puzzle level: 2
after reduction, puzzle level: 7
generated # 22 puzzles tried: 22
generated puzzle level: 1
after reduction, puzzle level: 7
generated # 23 puzzles tried: 23
generated puzzle level: 2
after reduction, puzzle level: 2
generated # 24 puzzles tried: 24
generated puzzle level: 1
after reduction, puzzle level: 7
generated # 25 puzzles tried: 25
generated puzzle level: 2
after reduction, puzzle level: 4
generated # 26 puzzles tried: 26
generated puzzle level: 1
after reduction, puzzle level: 2
generated # 27 puzzles tried: 27
generated puzzle level: 1
after reduction, puzzle level: 3
generated # 28 puzzles tried: 28
generated puzzle level: 2
after reduction, puzzle level: 2
generated # 29 puzzles tried: 29
generated puzzle level: 2
after reduction, puzzle level: 3
generated # 30 puzzles tried: 30
generated puzzle level: 1
after reduction, puzzle level: 2
generated # 31 puzzles tried: 31
generated puzzle level: 2
after reduction, puzzle level: 2
generated # 32 puzzles tried: 32
generated puzzle level: 2
after reduction, puzzle level: 3
generated # 33 puzzles tried: 33
generated puzzle level: 2
after reduction, puzzle level: 2
generated # 34 puzzles tried: 34
generated puzzle level: 1
after reduction, puzzle level: 7
generated # 35 puzzles tried: 35
generated puzzle level: 1
after reduction, puzzle level: 7
generated # 36 puzzles tried: 36
generated puzzle level: 1
after reduction, puzzle level: 7
generated # 37 puzzles tried: 37
generated puzzle level: 1
after reduction, puzzle level: 2
generated # 38 puzzles tried: 38
generated puzzle level: 2
after reduction, puzzle level: 2
generated # 39 puzzles tried: 39
generated puzzle level: 2
after reduction, puzzle level: 2
generated # 40 puzzles tried: 40
generated puzzle level: 2
after reduction, puzzle level: 2
generated # 41 puzzles tried: 41
generated puzzle level: 1
after reduction, puzzle level: 7
generated # 42 puzzles tried: 42
generated puzzle level: 2
after reduction, puzzle level: 2
generated # 43 puzzles tried: 43
generated puzzle level: 1
after reduction, puzzle level: 2
generated # 44 puzzles tried: 44
generated puzzle level: 1
after reduction, puzzle level: 7
generated # 45 puzzles tried: 45
generated puzzle level: 1
after reduction, puzzle level: 7
generated # 46 puzzles tried: 46
generated puzzle level: 1
after reduction, puzzle level: 2
generated # 47 puzzles tried: 47
generated puzzle level: 2
after reduction, puzzle level: 7
generated # 48 puzzles tried: 48
generated puzzle level: 2
after reduction, puzzle level: 7
generated # 49 puzzles tried: 49
generated puzzle level: 1
after reduction, puzzle level: 2
generated # 50 puzzles tried: 50
generated puzzle level: 1
after reduction, puzzle level: 2
generated # 51 puzzles tried: 51
generated puzzle level: 1
after reduction, puzzle level: 2
generated # 52 puzzles tried: 52
generated puzzle level: 1
after reduction, puzzle level: 2
generated # 53 puzzles tried: 53
generated puzzle level: 2
after reduction, puzzle level: 4
generated # 54 puzzles tried: 54
generated puzzle level: 2
after reduction, puzzle level: 4
generated # 55 puzzles tried: 55
generated puzzle level: 1
after reduction, puzzle level: 2
generated # 56 puzzles tried: 56
generated puzzle level: 2
after reduction, puzzle level: 2
generated # 57 puzzles tried: 57
generated puzzle level: 1
after reduction, puzzle level: 7
generated # 58 puzzles tried: 58
generated puzzle level: 2
after reduction, puzzle level: 7
generated # 59 puzzles tried: 59
generated puzzle level: 1
after reduction, puzzle level: 2
generated # 60 puzzles tried: 60
generated puzzle level: 2
after reduction, puzzle level: 3
generated # 61 puzzles tried: 61
generated puzzle level: 2
after reduction, puzzle level: 2
generated # 62 puzzles tried: 62
generated puzzle level: 2
after reduction, puzzle level: 2
generated # 63 puzzles tried: 63
generated puzzle level: 1
after reduction, puzzle level: 4
generated # 64 puzzles tried: 64
generated puzzle level: 2
after reduction, puzzle level: 2
generated # 65 puzzles tried: 65
generated puzzle level: 1
after reduction, puzzle level: 2
generated # 66 puzzles tried: 66
generated puzzle level: 1
after reduction, puzzle level: 7
generated # 67 puzzles tried: 67
generated puzzle level: 1
after reduction, puzzle level: 2
generated # 68 puzzles tried: 68
generated puzzle level: 1
after reduction, puzzle level: 2
generated # 69 puzzles tried: 69
generated puzzle level: 1
after reduction, puzzle level: 2
generated # 70 puzzles tried: 70
generated puzzle level: 1
after reduction, puzzle level: 3
generated # 71 puzzles tried: 71
generated puzzle level: 1
after reduction, puzzle level: 4
generated # 72 puzzles tried: 72
generated puzzle level: 2
after reduction, puzzle level: 7
generated # 73 puzzles tried: 73
generated puzzle level: 2
after reduction, puzzle level: 7
generated # 74 puzzles tried: 74
generated puzzle level: 2
after reduction, puzzle level: 3
generated # 75 puzzles tried: 75
generated puzzle level: 1
after reduction, puzzle level: 7
generated # 76 puzzles tried: 76
generated puzzle level: 1
after reduction, puzzle level: 2
generated # 77 puzzles tried: 77
generated puzzle level: 2
after reduction, puzzle level: 2
generated # 78 puzzles tried: 78
generated puzzle level: 1
after reduction, puzzle level: 2
generated # 79 puzzles tried: 79
generated puzzle level: 1
after reduction, puzzle level: 3
generated # 80 puzzles tried: 80
generated puzzle level: 2
after reduction, puzzle level: 5
generated # 81 puzzles tried: 81
generated puzzle level: 1
after reduction, puzzle level: 2
generated # 82 puzzles tried: 82
generated puzzle level: 2
after reduction, puzzle level: 7
generated # 83 puzzles tried: 83
generated puzzle level: 4
generated # 84 puzzles tried: 84
generated puzzle level: 2
after reduction, puzzle level: 2
generated # 85 puzzles tried: 85
generated puzzle level: 1
after reduction, puzzle level: 2
generated # 86 puzzles tried: 86
generated puzzle level: 2
after reduction, puzzle level: 2
generated # 87 puzzles tried: 87
generated puzzle level: 1
after reduction, puzzle level: 3
generated # 88 puzzles tried: 88
generated puzzle level: 1
after reduction, puzzle level: 7
generated # 89 puzzles tried: 89
generated puzzle level: 2
after reduction, puzzle level: 4
generated # 90 puzzles tried: 90
generated puzzle level: 2
after reduction, puzzle level: 7
generated # 91 puzzles tried: 91
generated puzzle level: 2
after reduction, puzzle level: 2
generated # 92 puzzles tried: 92
generated puzzle level: 1
after reduction, puzzle level: 7
generated # 93 puzzles tried: 93
generated puzzle level: 1
after reduction, puzzle level: 3
generated # 94 puzzles tried: 94
generated puzzle level: 2
after reduction, puzzle level: 7
generated # 95 puzzles tried: 95
generated puzzle level: 4
after reduction, puzzle level: 4
generated # 96 puzzles tried: 96
generated puzzle level: 2
after reduction, puzzle level: 2
generated # 97 puzzles tried: 97
generated puzzle level: 2
after reduction, puzzle level: 2
generated # 98 puzzles tried: 98
generated puzzle level: 1
after reduction, puzzle level: 7
generated # 99 puzzles tried: 99
generated puzzle level: 2
after reduction, puzzle level: 7
generated # 100 puzzles tried: 100
generated puzzle level: 1
after reduction, puzzle level: 2
generated # 101 puzzles tried: 101
generated puzzle level: 1
after reduction, puzzle level: 7
generated # 102 puzzles tried: 102
generated puzzle level: 1
after reduction, puzzle level: 2
generated # 103 puzzles tried: 103
generated puzzle level: 2
after reduction, puzzle level: 7
generated # 104 puzzles tried: 104
generated puzzle level: 2
after reduction, puzzle level: 2
generated # 105 puzzles tried: 105
generated puzzle level: 1
after reduction, puzzle level: 7
generated # 106 puzzles tried: 106
generated puzzle level: 1
after reduction, puzzle level: 7
generated # 107 puzzles tried: 107
generated puzzle level: 2
after reduction, puzzle level: 3
generated # 108 puzzles tried: 108
generated puzzle level: 1
after reduction, puzzle level: 2
generated # 109 puzzles tried: 109
generated puzzle level: 1
after reduction, puzzle level: 3
generated # 110 puzzles tried: 110
generated puzzle level: 2
after reduction, puzzle level: 7
generated # 111 puzzles tried: 111
generated puzzle level: 1
after reduction, puzzle level: 2
generated # 112 puzzles tried: 112
generated puzzle level: 1
after reduction, puzzle level: 2
generated # 113 puzzles tried: 113
generated puzzle level: 1
after reduction, puzzle level: 7
generated # 114 puzzles tried: 114
generated puzzle level: 2
after reduction, puzzle level: 2
generated # 115 puzzles tried: 115
generated puzzle level: 2
after reduction, puzzle level: 2
generated # 116 puzzles tried: 116
generated puzzle level: 1
after reduction, puzzle level: 2
generated # 117 puzzles tried: 117
generated puzzle level: 1
after reduction, puzzle level: 2
generated # 118 puzzles tried: 118
generated puzzle level: 1
after reduction, puzzle level: 7
generated # 119 puzzles tried: 119
generated puzzle level: 1
after reduction, puzzle level: 1
generated # 120 puzzles tried: 120
generated puzzle level: 2
after reduction, puzzle level: 2
generated # 121 puzzles tried: 121
generated puzzle level: 2
after reduction, puzzle level: 7
generated # 122 puzzles tried: 122
generated puzzle level: 2
after reduction, puzzle level: 2
generated # 123 puzzles tried: 123
generated puzzle level: 2
after reduction, puzzle level: 7
generated # 124 puzzles tried: 124
generated puzzle level: 1
after reduction, puzzle level: 2
generated # 125 puzzles tried: 125
generated puzzle level: 1
after reduction, puzzle level: 7
generated # 126 puzzles tried: 126
generated puzzle level: 2
after reduction, puzzle level: 2
generated # 127 puzzles tried: 127
generated puzzle level: 1
after reduction, puzzle level: 7
generated # 128 puzzles tried: 128
generated puzzle level: 1
after reduction, puzzle level: 2
generated # 129 puzzles tried: 129
generated puzzle level: 1
after reduction, puzzle level: 4
generated # 130 puzzles tried: 130
generated puzzle level: 1
after reduction, puzzle level: 2
generated # 131 puzzles tried: 131
generated puzzle level: 2
after reduction, puzzle level: 7
generated # 132 puzzles tried: 132
generated puzzle level: 2
after reduction, puzzle level: 7
generated # 133 puzzles tried: 133
generated puzzle level: 2
after reduction, puzzle level: 7
generated # 134 puzzles tried: 134
generated puzzle level: 1
after reduction, puzzle level: 7
generated # 135 puzzles tried: 135
generated puzzle level: 2
after reduction, puzzle level: 7
generated # 136 puzzles tried: 136
generated puzzle level: 1
after reduction, puzzle level: 7
generated # 137 puzzles tried: 137
generated puzzle level: 2
after reduction, puzzle level: 3
generated # 138 puzzles tried: 138
generated puzzle level: 1
after reduction, puzzle level: 2
generated # 139 puzzles tried: 139
generated puzzle level: 2
after reduction, puzzle level: 7
generated # 140 puzzles tried: 140
generated puzzle level: 1
after reduction, puzzle level: 2
generated # 141 puzzles tried: 141
generated puzzle level: 3
after reduction, puzzle level: 3
generated # 142 puzzles tried: 142
generated puzzle level: 2
after reduction, puzzle level: 7
generated # 143 puzzles tried: 143
generated puzzle level: 1
after reduction, puzzle level: 7
generated # 144 puzzles tried: 144
generated puzzle level: 1
after reduction, puzzle level: 2
generated # 145 puzzles tried: 145
generated puzzle level: 2
after reduction, puzzle level: 7
generated # 146 puzzles tried: 146
generated puzzle level: 2
after reduction, puzzle level: 2
generated # 147 puzzles tried: 147
generated puzzle level: 1
after reduction, puzzle level: 2
generated # 148 puzzles tried: 148
generated puzzle level: 2
after reduction, puzzle level: 2
generated # 149 puzzles tried: 149
generated puzzle level: 2
after reduction, puzzle level: 7
generated # 150 puzzles tried: 150
generated puzzle level: 1
after reduction, puzzle level: 2
generated # 151 puzzles tried: 151
generated puzzle level: 2
after reduction, puzzle level: 2
generated # 152 puzzles tried: 152
generated puzzle level: 2
after reduction, puzzle level: 7
generated # 153 puzzles tried: 153
generated puzzle level: 1
after reduction, puzzle level: 2
generated # 154 puzzles tried: 154
generated puzzle level: 2
after reduction, puzzle level: 3
generated # 155 puzzles tried: 155
generated puzzle level: 2
after reduction, puzzle level: 3
generated # 156 puzzles tried: 156
generated puzzle level: 1
after reduction, puzzle level: 7
generated # 157 puzzles tried: 157
generated puzzle level: 2
after reduction, puzzle level: 2
generated # 158 puzzles tried: 158
generated puzzle level: 2
after reduction, puzzle level: 2
generated # 159 puzzles tried: 159
generated puzzle level: 1
after reduction, puzzle level: 7
generated # 160 puzzles tried: 160
generated puzzle level: 2
after reduction, puzzle level: 2
generated # 161 puzzles tried: 161
generated puzzle level: 1
after reduction, puzzle level: 2
generated # 162 puzzles tried: 162
generated puzzle level: 1
after reduction, puzzle level: 3
generated # 163 puzzles tried: 163
generated puzzle level: 2
after reduction, puzzle level: 2
generated # 164 puzzles tried: 164
generated puzzle level: 1
after reduction, puzzle level: 2
generated # 165 puzzles tried: 165
generated puzzle level: 1
after reduction, puzzle level: 7
generated # 166 puzzles tried: 166
generated puzzle level: 1
after reduction, puzzle level: 7
generated # 167 puzzles tried: 167
generated puzzle level: 2
after reduction, puzzle level: 2
generated # 168 puzzles tried: 168
generated puzzle level: 1
after reduction, puzzle level: 7
generated # 169 puzzles tried: 169
generated puzzle level: 1
after reduction, puzzle level: 4
generated # 170 puzzles tried: 170
generated puzzle level: 2
after reduction, puzzle level: 7
generated # 171 puzzles tried: 171
generated puzzle level: 2
after reduction, puzzle level: 2
generated # 172 puzzles tried: 172
generated puzzle level: 1
after reduction, puzzle level: 2
generated # 173 puzzles tried: 173
generated puzzle level: 1
after reduction, puzzle level: 7
generated # 174 puzzles tried: 174
generated puzzle level: 1
after reduction, puzzle level: 7
generated # 175 puzzles tried: 175
generated puzzle level: 1
after reduction, puzzle level: 3
generated # 176 puzzles tried: 176
generated puzzle level: 1
after reduction, puzzle level: 7
generated # 177 puzzles tried: 177
generated puzzle level: 1
after reduction, puzzle level: 7
generated # 178 puzzles tried: 178
generated puzzle level: 1
after reduction, puzzle level: 3
generated # 179 puzzles tried: 179
generated puzzle level: 2
after reduction, puzzle level: 7
generated # 180 puzzles tried: 180
generated puzzle level: 1
after reduction, puzzle level: 7
generated # 181 puzzles tried: 181
generated puzzle level: 2
after reduction, puzzle level: 7
generated # 182 puzzles tried: 182
generated puzzle level: 2
after reduction, puzzle level: 2
generated # 183 puzzles tried: 183
generated puzzle level: 1
after reduction, puzzle level: 2
generated # 184 puzzles tried: 184
generated puzzle level: 2
after reduction, puzzle level: 3
generated # 185 puzzles tried: 185
generated puzzle level: 2
after reduction, puzzle level: 7
generated # 186 puzzles tried: 186
generated puzzle level: 2
after reduction, puzzle level: 7
generated # 187 puzzles tried: 187
generated puzzle level: 2
after reduction, puzzle level: 7
generated # 188 puzzles tried: 188
generated puzzle level: 2
after reduction, puzzle level: 7
generated # 189 puzzles tried: 189
generated puzzle level: 1
after reduction, puzzle level: 2
generated # 190 puzzles tried: 190
generated puzzle level: 2
after reduction, puzzle level: 2
generated # 191 puzzles tried: 191
generated puzzle level: 2
after reduction, puzzle level: 3
generated # 192 puzzles tried: 192
generated puzzle level: 2
after reduction, puzzle level: 7
generated # 193 puzzles tried: 193
generated puzzle level: 2
after reduction, puzzle level: 7
generated # 194 puzzles tried: 194
generated puzzle level: 1
after reduction, puzzle level: 2
generated # 195 puzzles tried: 195
generated puzzle level: 2
after reduction, puzzle level: 2
generated # 196 puzzles tried: 196
generated puzzle level: 2
after reduction, puzzle level: 2
generated # 197 puzzles tried: 197
generated puzzle level: 2
after reduction, puzzle level: 7
generated # 198 puzzles tried: 198
generated puzzle level: 1
after reduction, puzzle level: 2
generated # 199 puzzles tried: 199
generated puzzle level: 1
after reduction, puzzle level: 2
generated # 200 puzzles tried: 200
generated puzzle level: 1
after reduction, puzzle level: 3
generated # 201 puzzles tried: 201
generated puzzle level: 1
after reduction, puzzle level: 7
generated # 202 puzzles tried: 202
generated puzzle level: 2
after reduction, puzzle level: 7
generated # 203 puzzles tried: 203
generated puzzle level: 1
after reduction, puzzle level: 2
generated # 204 puzzles tried: 204
generated puzzle level: 2
after reduction, puzzle level: 2
generated # 205 puzzles tried: 205
generated puzzle level: 2
after reduction, puzzle level: 3
generated # 206 puzzles tried: 206
generated puzzle level: 2
after reduction, puzzle level: 6
generated # 207 puzzles tried: 207
. . 1  3 . .  . 9 .
5 . .  . . 8  . . .
. 9 7  . 6 .  4 . .

7 . .  6 . 2  . . .
. . .  . 4 .  7 . .
. . 2  . . .  . . 8

. . .  . . .  . . .
. 1 .  5 . .  . . .
. 3 9  . 7 1  6 . .
miliseconds used: 97532

C:\test\workspaces\jee\jisudokusolver\sample_scripts>rem level 7 

C:\test\workspaces\jee\jisudokusolver\sample_scripts>java -jar ..\jisudokusolver.jar -gc 7 --seed 1 
searching generated puzzles with target capability of 7
generated puzzle level: 2
after reduction, puzzle level: 2
generated # 1 puzzles tried: 1
generated puzzle level: 2
after reduction, puzzle level: 2
generated # 2 puzzles tried: 2
generated puzzle level: 2
after reduction, puzzle level: 3
generated # 3 puzzles tried: 3
generated puzzle level: 2
after reduction, puzzle level: 2
generated # 4 puzzles tried: 4
generated puzzle level: 2
after reduction, puzzle level: 7
generated # 5 puzzles tried: 5
. 6 2  . 8 9  . . .
. . .  . 1 .  . . 3
8 . .  6 . .  7 . .

. . 6  . 9 1  . . .
1 . .  8 . .  3 . .
. . .  . . .  . . 9

2 4 3  . . .  . . 6
. . .  . . 2  . 1 4
. . .  5 . .  . . .
miliseconds used: 2891
