
C:\test\workspaces\jee\jisudokusolver\sample_scripts>rem reduce multiple puzzles 

C:\test\workspaces\jee\jisudokusolver\sample_scripts>java -jar ..\jisudokusolver.jar --reduce --batch --seed 1 ../sample_puzzles/medium 
input file: ../sample_puzzles/medium
reading puzzle(s) from file: ../sample_puzzles/medium...
medium01
. . .  . . .  . . .
1 . .  9 . 3  . . 7
3 . 4  . . .  6 . 2

. 4 5  . . .  8 2 .
. . .  5 6 1  . . .
. 1 3  . . .  5 9 .

8 . 7  . . .  2 . 4
5 . .  8 . 2  . . 9
. . .  . . .  . . .

reduced: 5 known value(s)
. . .  . . .  . . .
1 . .  9 . 3  . . 7
3 . 4  . . .  6 . 2

. 4 .  . . .  8 . .
. . .  5 6 .  . . .
. 1 .  . . .  5 9 .

8 . 7  . . .  2 . 4
5 . .  8 . 2  . . .
. . .  . . .  . . .

medium02
8 3 .  . . 7  5 . .
. . 9  8 6 .  . . .
5 1 .  . . .  . . .

. . .  . . 4  2 8 .
. 6 .  . 9 .  . 1 .
. 7 8  3 . .  . . .

. . .  . . .  . 2 1
. . .  . 3 2  8 . .
. . 1  7 . .  . 3 6

reduced: 4 known value(s)
. 3 .  . . 7  5 . .
. . 9  8 6 .  . . .
5 1 .  . . .  . . .

. . .  . . 4  2 8 .
. 6 .  . 9 .  . 1 .
. 7 .  3 . .  . . .

. . .  . . .  . . 1
. . .  . . 2  8 . .
. . 1  7 . .  . 3 6

medium03
3 . 8  . . .  . . .
. 7 .  . 1 .  . . 5
. . 9  4 2 .  . . 8

7 . .  . . .  4 . .
. . 3  5 . 8  7 . .
. . 5  . . .  . . 9

2 . .  . 8 4  6 . .
1 . .  . 9 .  . 4 .
. . .  . . .  5 . 1

reduced: 5 known value(s)
. . 8  . . .  . . .
. 7 .  . 1 .  . . 5
. . 9  . 2 .  . . 8

7 . .  . . .  4 . .
. . 3  5 . 8  . . .
. . 5  . . .  . . 9

2 . .  . . 4  6 . .
1 . .  . 9 .  . 4 .
. . .  . . .  . . 1

medium04
. 7 3  . . .  9 6 .
. . .  . 9 .  . 2 .
4 . 8  . . .  . . 7

. . .  . 8 1  . . .
1 . .  3 . 9  . . 5
. . .  4 2 .  . . .

9 . .  . . .  6 . 8
. 5 .  . 1 .  . . .
. 4 6  . . .  1 3 .

reduced: 3 known value(s)
. 7 3  . . .  9 6 .
. . .  . 9 .  . 2 .
4 . 8  . . .  . . 7

. . .  . . 1  . . .
. . .  3 . 9  . . 5
. . .  4 2 .  . . .

9 . .  . . .  6 . 8
. 5 .  . 1 .  . . .
. . 6  . . .  1 3 .

medium05
8 2 4  5 . 7  . . .
. . 7  . 6 .  . . .
. . 1  3 . .  . . .

. 6 9  . . 8  . . 4
. . .  . . .  . . .
3 . .  9 . .  2 8 .

. . .  . . 1  6 . .
. . .  . 8 .  1 . .
. . .  6 . 2  5 9 7

reduced: 2 known value(s)
8 2 4  5 . .  . . .
. . 7  . 6 .  . . .
. . 1  3 . .  . . .

. 6 9  . . 8  . . 4
. . .  . . .  . . .
3 . .  9 . .  2 8 .

. . .  . . 1  6 . .
. . .  . 8 .  1 . .
. . .  6 . 2  5 9 .

medium06
. . 8  . 2 .  . . .
. 6 1  8 . .  3 . .
. . .  7 . .  5 2 .

. . .  1 . .  . . 3
3 . .  4 . 5  . . 9
4 . .  . . 2  . . .

. 4 7  . . 8  . . .
. . 6  . . 1  4 8 .
. . .  . 4 .  1 . .

reduced: 3 known value(s)
. . 8  . 2 .  . . .
. 6 1  . . .  3 . .
. . .  7 . .  5 2 .

. . .  1 . .  . . 3
3 . .  4 . 5  . . 9
4 . .  . . 2  . . .

. 4 7  . . .  . . .
. . 6  . . 1  4 8 .
. . .  . . .  1 . .

medium07
8 6 .  . . .  . 9 7
7 . .  . . .  . . 5
. . .  7 1 2  . . .

. . 5  4 . 9  2 . .
. . .  . 2 .  . . .
. . 7  1 . 6  8 . .

. . .  3 5 1  . . .
4 . .  . . .  . . 3
5 3 .  . . .  . 1 8

reduced: 4 known value(s)
8 6 .  . . .  . 9 7
7 . .  . . .  . . 5
. . .  . 1 2  . . .

. . .  4 . 9  2 . .
. . .  . 2 .  . . .
. . 7  . . 6  8 . .

. . .  . 5 1  . . .
4 . .  . . .  . . 3
5 3 .  . . .  . 1 8

medium08
7 9 .  . . .  . 1 .
5 . 4  . 9 8  . . .
. . 2  4 . .  . . .

3 . .  . . 7  2 9 .
. . .  3 . 5  . . .
. 2 7  9 . .  . . 3

. . .  . . 3  8 . .
. . .  6 8 .  4 . 9
. 8 .  . . .  . 3 7

reduced: 4 known value(s)
7 9 .  . . .  . 1 .
5 . 4  . 9 8  . . .
. . 2  4 . .  . . .

3 . .  . . 7  . 9 .
. . .  3 . 5  . . .
. 2 .  9 . .  . . .

. . .  . . 3  8 . .
. . .  6 . .  4 . 9
. 8 .  . . .  . 3 7

total puzzles: 8
miliseconds used: 3782
