
C:\test\workspaces\jee\jisudokusolver\sample_scripts>rem a single puzzle 

C:\test\workspaces\jee\jisudokusolver\sample_scripts>java -jar ..\jisudokusolver.jar --showprogress ../sample_puzzles/single 
input file: ../sample_puzzles/single
reading puzzle(s) from file: ../sample_puzzles/single...
1 . 4  2 . .  3 . .
. 2 .  5 3 .  . 4 .
. . 3  . . 4  . . 5

6 . .  4 . .  5 . .
. 7 .  1 5 .  . 6 .
. . 8  . . 6  . . 7

8 . .  9 . .  7 . .
. 9 .  . 1 .  . 8 .
. . 1  . . 2  . . 9

EliminateCandidate (1): [6][4]=3
SingleDestination (2): [2][6]=1
SingleDestination (2): [1][2]=5
SingleDestination (2): [3][2]=8
SingleDestination (2): [6][1]=5
SingleDestination (2): [2][3]=6
EliminateCandidate (1): [2][9]=8
EliminateCandidate (1): [2][7]=9
EliminateCandidate (1): [2][1]=7
EliminateCandidate (1): [3][1]=9
EliminateCandidate (1): [1][8]=7
EliminateCandidate (1): [1][9]=6
SingleDestination (2): [5][7]=8
EliminateCandidate (1): [5][6]=9
EliminateCandidate (1): [5][3]=2
EliminateCandidate (1): [4][3]=9
EliminateCandidate (1): [7][3]=5
EliminateCandidate (1): [7][6]=3
EliminateCandidate (1): [8][3]=7
EliminateCandidate (1): [8][4]=6
EliminateCandidate (1): [3][4]=7
EliminateCandidate (1): [3][5]=6
EliminateCandidate (1): [7][5]=4
EliminateCandidate (1): [7][2]=6
EliminateCandidate (1): [9][4]=8
EliminateCandidate (1): [9][5]=7
EliminateCandidate (1): [8][6]=5
EliminateCandidate (1): [1][6]=8
EliminateCandidate (1): [1][5]=9
EliminateCandidate (1): [6][5]=2
EliminateCandidate (1): [4][5]=8
EliminateCandidate (1): [4][6]=7
SingleDestination (2): [8][1]=2
EliminateCandidate (1): [8][7]=4
EliminateCandidate (1): [6][7]=1
EliminateCandidate (1): [6][2]=4
EliminateCandidate (1): [9][2]=3
EliminateCandidate (1): [9][1]=4
EliminateCandidate (1): [9][7]=6
EliminateCandidate (1): [5][1]=3
EliminateCandidate (1): [5][9]=4
EliminateCandidate (1): [4][2]=1
EliminateCandidate (1): [9][8]=5
EliminateCandidate (1): [6][8]=9
EliminateCandidate (1): [3][7]=2
EliminateCandidate (1): [3][8]=1
EliminateCandidate (1): [7][8]=2
EliminateCandidate (1): [7][9]=1
EliminateCandidate (1): [4][8]=3
EliminateCandidate (1): [4][9]=2
EliminateCandidate (1): [8][9]=3
solved: capability level 2
1 5 4  2 9 8  3 7 6
7 2 6  5 3 1  9 4 8
9 8 3  7 6 4  2 1 5

6 1 9  4 8 7  5 3 2
3 7 2  1 5 9  8 6 4
5 4 8  3 2 6  1 9 7

8 6 5  9 4 3  7 2 1
2 9 7  6 1 5  4 8 3
4 3 1  8 7 2  6 5 9

miliseconds used: 16

C:\test\workspaces\jee\jisudokusolver\sample_scripts>rem multiple puzzles 

C:\test\workspaces\jee\jisudokusolver\sample_scripts>java -jar ..\jisudokusolver.jar --batch ../sample_puzzles/external 
input file: ../sample_puzzles/external
reading puzzle(s) from file: ../sample_puzzles/external...
external01
. . 2  . 9 .  1 . 7
. 3 8  6 . .  . . .
4 . .  . . .  . . .

. . .  . . 5  . . .
. . 9  . 1 .  3 . .
. . .  4 . .  . . .

. . .  . . .  . . 4
. . .  . . 7  9 2 .
8 . 6  . 3 .  7 . .

solved: capability level 7
5 6 2  8 9 3  1 4 7
7 3 8  6 4 1  5 9 2
4 9 1  7 5 2  6 8 3

2 8 7  3 6 5  4 1 9
6 4 9  2 1 8  3 7 5
1 5 3  4 7 9  2 6 8

9 7 5  1 2 6  8 3 4
3 1 4  5 8 7  9 2 6
8 2 6  9 3 4  7 5 1

external02
. 2 .  . . .  . . 7
. 7 .  . . 4  . 1 .
9 . 5  . . .  . . .

. 8 .  6 3 .  . . 2
7 . .  . . .  . . 1
2 . .  . 1 8  . 6 .

. . .  . . .  4 . 9
. 3 .  1 . .  . 2 .
4 . .  . . .  . 8 .

solved: capability level 6
6 2 1  8 5 3  9 4 7
3 7 8  9 6 4  2 1 5
9 4 5  2 7 1  6 3 8

1 8 4  6 3 5  7 9 2
7 6 3  4 9 2  8 5 1
2 5 9  7 1 8  3 6 4

5 1 2  3 8 6  4 7 9
8 3 7  1 4 9  5 2 6
4 9 6  5 2 7  1 8 3

external03
8 . .  7 . 9  . . 2
. . 9  . . .  8 . .
. 2 .  . 3 .  . 1 .

. . 5  8 . 1  2 . .
. 9 .  . . .  . 4 .
. . 6  9 . 5  3 . .

. 4 .  . 9 .  . 6 .
. . 1  . . .  9 . .
9 . .  2 . 4  . . 3

solved: capability level 6
8 1 3  7 6 9  4 5 2
6 5 9  4 1 2  8 3 7
7 2 4  5 3 8  6 1 9

3 7 5  8 4 1  2 9 6
1 9 2  3 7 6  5 4 8
4 8 6  9 2 5  3 7 1

2 4 8  1 9 3  7 6 5
5 3 1  6 8 7  9 2 4
9 6 7  2 5 4  1 8 3

external04
. . .  . 3 .  . . 5
7 . .  9 . 2  . . .
. 9 2  . . 6  . . 3

3 . .  . . 5  4 . .
. . 7  . . .  8 . .
. . 6  3 . .  . . 2

1 . .  5 . .  3 9 .
. . .  4 . 7  . . 1
8 . .  . 1 .  . . .

solved: capability level 7
6 1 8  7 3 4  9 2 5
7 4 3  9 5 2  1 6 8
5 9 2  1 8 6  7 4 3

3 2 1  8 6 5  4 7 9
9 5 7  2 4 1  8 3 6
4 8 6  3 7 9  5 1 2

1 6 4  5 2 8  3 9 7
2 3 5  4 9 7  6 8 1
8 7 9  6 1 3  2 5 4

external05
. 4 .  9 . .  . . 2
. . 6  . 7 .  1 . .
2 . .  . 5 .  . 4 .

9 . .  . 6 3  . 5 .
. . .  . . .  . . .
. 7 .  5 9 .  . . 3

. 1 .  . 8 .  . . 9
. . 3  . 4 .  8 . .
4 . .  . . 6  . 2 .

solved: capability level 6
5 4 1  9 3 8  6 7 2
8 3 6  4 7 2  1 9 5
2 9 7  6 5 1  3 4 8

9 2 4  8 6 3  7 5 1
3 6 5  1 2 7  9 8 4
1 7 8  5 9 4  2 6 3

6 1 2  7 8 5  4 3 9
7 5 3  2 4 9  8 1 6
4 8 9  3 1 6  5 2 7

external06
. . .  . . 7  . 2 3
3 . .  4 . .  9 . .
6 . .  1 . .  . . .

7 . 8  2 . .  . 6 .
. 5 .  . . .  . 1 .
. 6 .  . . 9  5 . 2

. . .  . . 1  . . 7
. . 7  . . 3  . . 5
4 2 .  5 . .  . . .

solved: capability level 6
8 4 5  6 9 7  1 2 3
3 7 1  4 5 2  9 8 6
6 9 2  1 3 8  7 5 4

7 3 8  2 1 5  4 6 9
2 5 9  7 6 4  3 1 8
1 6 4  3 8 9  5 7 2

5 8 6  9 4 1  2 3 7
9 1 7  8 2 3  6 4 5
4 2 3  5 7 6  8 9 1

external07
9 . .  . 7 .  . . 4
. . 6  3 . .  . . .
. 1 .  . . 5  3 . .

1 . 7  . . 9  . . .
. . 8  . . .  7 . .
. . .  4 . .  2 . 6

. . 4  7 . .  . 9 .
. . .  . . 2  1 . .
8 . .  . 9 .  . . 5

solved: capability level 6
9 5 3  1 7 8  6 2 4
7 8 6  3 2 4  9 5 1
4 1 2  9 6 5  3 8 7

1 6 7  2 3 9  5 4 8
2 4 8  5 1 6  7 3 9
3 9 5  4 8 7  2 1 6

6 3 4  7 5 1  8 9 2
5 7 9  8 4 2  1 6 3
8 2 1  6 9 3  4 7 5

total puzzles: 7, solved: 7, non-unique solution puzzles: 0
miliseconds used: 140

C:\test\workspaces\jee\jisudokusolver\sample_scripts>rem multiple puzzles, showing progress 

C:\test\workspaces\jee\jisudokusolver\sample_scripts>java -jar ..\jisudokusolver.jar --batch --showprogress ../sample_puzzles/hard 
input file: ../sample_puzzles/hard
reading puzzle(s) from file: ../sample_puzzles/hard...
hard1
. . 1  6 2 .  . 4 .
2 4 .  5 . .  . . .
7 . .  8 . .  1 . .

. . .  . . .  . 5 7
9 . .  . . .  . . 1
3 1 .  . . .  . . .

. . 2  . . 5  . . 8
. . .  . . 9  . 3 6
. 5 .  . 8 6  4 . .

EliminateCandidate (1): [9][1]=1
SingleDestination (2): [7][8]=1
SingleDestination (2): [8][7]=5
SingleDestination (2): [6][9]=4
SingleDestination (2): [1][1]=5
SingleDestination (2): [8][4]=2
SingleDestination (2): [3][9]=5
SingleDestination (2): [8][5]=1
SingleDestination (2): [3][8]=2
SingleDestination (2): [2][6]=1
SingleDestination (2): [9][9]=2
SingleDestination (2): [4][4]=1
SingleDestination (2): [6][4]=9
SingleDestination (2): [4][7]=9
EliminateCandidate (1): [7][7]=7
EliminateCandidate (1): [9][8]=9
SingleDestination (2): [1][6]=7
SingleDestination (2): [9][4]=7
EliminateCandidate (1): [9][3]=3
SingleDestination (2): [7][2]=9
SingleDestination (2): [5][7]=3
EliminateCandidate (1): [5][4]=4
EliminateCandidate (1): [7][4]=3
EliminateCandidate (1): [7][5]=4
EliminateCandidate (1): [7][1]=6
EliminateCandidate (1): [1][7]=8
EliminateCandidate (1): [1][2]=3
EliminateCandidate (1): [1][9]=9
EliminateCandidate (1): [2][9]=3
EliminateCandidate (1): [2][5]=9
EliminateCandidate (1): [3][5]=3
EliminateCandidate (1): [3][2]=6
EliminateCandidate (1): [3][3]=9
EliminateCandidate (1): [2][3]=8
EliminateCandidate (1): [3][6]=4
EliminateCandidate (1): [4][5]=6
EliminateCandidate (1): [4][3]=4
EliminateCandidate (1): [4][1]=8
EliminateCandidate (1): [4][2]=2
EliminateCandidate (1): [4][6]=3
EliminateCandidate (1): [8][1]=4
EliminateCandidate (1): [8][3]=7
EliminateCandidate (1): [8][2]=8
EliminateCandidate (1): [5][2]=7
EliminateCandidate (1): [5][5]=5
EliminateCandidate (1): [5][3]=6
EliminateCandidate (1): [5][8]=8
EliminateCandidate (1): [5][6]=2
EliminateCandidate (1): [6][6]=8
EliminateCandidate (1): [6][8]=6
EliminateCandidate (1): [6][3]=5
EliminateCandidate (1): [6][5]=7
EliminateCandidate (1): [6][7]=2
EliminateCandidate (1): [2][8]=7
EliminateCandidate (1): [2][7]=6
solved: capability level 2
5 3 1  6 2 7  8 4 9
2 4 8  5 9 1  6 7 3
7 6 9  8 3 4  1 2 5

8 2 4  1 6 3  9 5 7
9 7 6  4 5 2  3 8 1
3 1 5  9 7 8  2 6 4

6 9 2  3 4 5  7 1 8
4 8 7  2 1 9  5 3 6
1 5 3  7 8 6  4 9 2

hard2
. 2 7  . . .  . . 6
. 1 .  . . 6  . 2 .
5 . .  . 8 .  . . .

. . .  4 . .  . 6 2
. . .  1 5 9  . . .
1 4 .  . . 7  . . .

. . .  . 7 .  . . 4
. 7 .  9 . .  . 5 .
2 . .  . . .  8 9 .

EliminateCandidate (1): [4][5]=3
EliminateCandidate (1): [4][6]=8
SingleDestination (2): [9][9]=7
SingleDestination (2): [7][4]=8
SingleDestination (2): [4][7]=1
SingleDestination (2): [5][2]=8
EliminateCandidate (1): [5][9]=3
EliminateCandidate (1): [8][9]=1
EliminateCandidate (1): [3][9]=9
EliminateCandidate (1): [7][8]=3
EliminateCandidate (1): [6][8]=8
EliminateCandidate (1): [6][9]=5
EliminateCandidate (1): [2][9]=8
EliminateCandidate (1): [6][7]=9
SingleDestination (2): [6][3]=3
SingleDestination (2): [5][3]=2
SingleDestination (2): [4][1]=7
EliminateCandidate (1): [5][1]=6
EliminateCandidate (1): [7][1]=9
SingleDestination (2): [1][1]=8
SingleDestination (2): [1][5]=9
EliminateCandidate (1): [2][5]=4
EliminateCandidate (1): [2][1]=3
EliminateCandidate (1): [8][1]=4
EliminateCandidate (1): [3][2]=6
EliminateCandidate (1): [3][3]=4
EliminateCandidate (1): [2][3]=9
EliminateCandidate (1): [4][3]=5
EliminateCandidate (1): [4][2]=9
EliminateCandidate (1): [7][2]=5
EliminateCandidate (1): [9][2]=3
SingleDestination (2): [8][6]=3
SingleDestination (2): [9][6]=4
SingleDestination (2): [8][3]=8
SingleDestination (2): [1][6]=5
EliminateCandidate (1): [1][4]=3
EliminateCandidate (1): [1][7]=4
EliminateCandidate (1): [1][8]=1
EliminateCandidate (1): [3][8]=7
EliminateCandidate (1): [3][4]=2
EliminateCandidate (1): [3][6]=1
EliminateCandidate (1): [7][6]=2
EliminateCandidate (1): [7][7]=6
EliminateCandidate (1): [7][3]=1
EliminateCandidate (1): [9][3]=6
EliminateCandidate (1): [9][4]=5
EliminateCandidate (1): [2][4]=7
EliminateCandidate (1): [2][7]=5
EliminateCandidate (1): [9][5]=1
EliminateCandidate (1): [8][7]=2
EliminateCandidate (1): [8][5]=6
EliminateCandidate (1): [6][5]=2
EliminateCandidate (1): [6][4]=6
EliminateCandidate (1): [3][7]=3
EliminateCandidate (1): [5][8]=4
EliminateCandidate (1): [5][7]=7
solved: capability level 2
8 2 7  3 9 5  4 1 6
3 1 9  7 4 6  5 2 8
5 6 4  2 8 1  3 7 9

7 9 5  4 3 8  1 6 2
6 8 2  1 5 9  7 4 3
1 4 3  6 2 7  9 8 5

9 5 1  8 7 2  6 3 4
4 7 8  9 6 3  2 5 1
2 3 6  5 1 4  8 9 7

hard3
. . .  . 2 .  . . .
7 . 4  . . .  3 . 6
8 9 .  . . .  . 4 2

2 . .  3 . 5  . . 8
. . 8  . . .  5 . .
5 . .  9 . 7  . . 3

6 5 .  . . .  . 7 9
1 . 3  . . .  8 . 5
. . .  . 5 .  . . .

EliminateCandidate (1): [1][1]=3
EliminateCandidate (1): [7][3]=2
SingleDestination (2): [9][8]=3
SingleDestination (2): [9][2]=8
SingleDestination (2): [6][5]=8
SingleDestination (2): [5][2]=3
SingleDestination (2): [2][2]=2
SingleDestination (2): [5][9]=7
EliminateCandidate (1): [1][9]=1
EliminateCandidate (1): [1][2]=6
EliminateCandidate (1): [1][3]=5
EliminateCandidate (1): [3][3]=1
EliminateCandidate (1): [3][7]=7
EliminateCandidate (1): [6][3]=6
EliminateCandidate (1): [1][7]=9
EliminateCandidate (1): [1][8]=8
EliminateCandidate (1): [1][6]=4
EliminateCandidate (1): [1][4]=7
EliminateCandidate (1): [9][9]=4
EliminateCandidate (1): [9][1]=9
EliminateCandidate (1): [9][3]=7
EliminateCandidate (1): [4][3]=9
EliminateCandidate (1): [5][1]=4
EliminateCandidate (1): [6][2]=1
EliminateCandidate (1): [6][8]=2
EliminateCandidate (1): [6][7]=4
EliminateCandidate (1): [7][7]=1
EliminateCandidate (1): [4][7]=6
EliminateCandidate (1): [4][8]=1
EliminateCandidate (1): [4][2]=7
EliminateCandidate (1): [8][2]=4
EliminateCandidate (1): [4][5]=4
EliminateCandidate (1): [7][5]=3
EliminateCandidate (1): [7][6]=8
EliminateCandidate (1): [7][4]=4
EliminateCandidate (1): [3][5]=6
EliminateCandidate (1): [3][4]=5
EliminateCandidate (1): [3][6]=3
EliminateCandidate (1): [5][5]=1
EliminateCandidate (1): [2][5]=9
EliminateCandidate (1): [2][6]=1
EliminateCandidate (1): [2][4]=8
EliminateCandidate (1): [2][8]=5
EliminateCandidate (1): [8][5]=7
EliminateCandidate (1): [9][7]=2
EliminateCandidate (1): [8][8]=6
EliminateCandidate (1): [8][4]=2
EliminateCandidate (1): [5][4]=6
EliminateCandidate (1): [5][6]=2
EliminateCandidate (1): [5][8]=9
EliminateCandidate (1): [9][4]=1
EliminateCandidate (1): [8][6]=9
EliminateCandidate (1): [9][6]=6
solved: capability level 2
3 6 5  7 2 4  9 8 1
7 2 4  8 9 1  3 5 6
8 9 1  5 6 3  7 4 2

2 7 9  3 4 5  6 1 8
4 3 8  6 1 2  5 9 7
5 1 6  9 8 7  4 2 3

6 5 2  4 3 8  1 7 9
1 4 3  2 7 9  8 6 5
9 8 7  1 5 6  2 3 4

hard4
. . 9  . . .  . 3 .
. . .  8 4 .  . . 7
. . 6  9 . .  . . 2

6 . .  . . .  . 4 .
. . 8  4 . 5  7 . .
. 3 .  . . .  . . 1

7 . .  . . 1  3 . .
2 . .  . 6 4  . . .
. 1 .  . . .  5 . .

SingleDestination (2): [7][2]=6
SingleDestination (2): [6][1]=4
SingleDestination (2): [6][8]=5
SingleDestination (2): [4][2]=5
EliminateCandidate (1): [2][2]=2
EliminateCandidate (1): [2][3]=1
EliminateCandidate (1): [5][2]=9
EliminateCandidate (1): [5][1]=1
EliminateCandidate (1): [8][2]=8
EliminateCandidate (1): [8][9]=9
EliminateCandidate (1): [8][7]=1
EliminateCandidate (1): [8][8]=7
EliminateCandidate (1): [9][1]=9
SingleDestination (2): [2][1]=5
EliminateCandidate (1): [1][1]=8
EliminateCandidate (1): [3][1]=3
EliminateCandidate (1): [3][6]=7
EliminateCandidate (1): [3][2]=4
EliminateCandidate (1): [3][7]=8
EliminateCandidate (1): [3][8]=1
EliminateCandidate (1): [1][2]=7
EliminateCandidate (1): [3][5]=5
SingleDestination (2): [1][9]=5
SingleDestination (2): [7][5]=9
SingleDestination (2): [4][9]=8
EliminateCandidate (1): [7][9]=4
EliminateCandidate (1): [7][3]=5
EliminateCandidate (1): [7][4]=2
EliminateCandidate (1): [7][8]=8
EliminateCandidate (1): [8][3]=3
EliminateCandidate (1): [8][4]=5
EliminateCandidate (1): [9][3]=4
EliminateCandidate (1): [9][9]=6
EliminateCandidate (1): [9][8]=2
EliminateCandidate (1): [5][8]=6
EliminateCandidate (1): [5][9]=3
EliminateCandidate (1): [5][5]=2
EliminateCandidate (1): [1][5]=1
EliminateCandidate (1): [1][4]=6
EliminateCandidate (1): [1][6]=2
EliminateCandidate (1): [1][7]=4
EliminateCandidate (1): [6][4]=7
EliminateCandidate (1): [6][3]=2
EliminateCandidate (1): [4][3]=7
EliminateCandidate (1): [6][5]=8
EliminateCandidate (1): [9][4]=3
EliminateCandidate (1): [9][5]=7
EliminateCandidate (1): [9][6]=8
EliminateCandidate (1): [4][4]=1
EliminateCandidate (1): [2][6]=3
EliminateCandidate (1): [4][6]=9
EliminateCandidate (1): [4][7]=2
EliminateCandidate (1): [4][5]=3
EliminateCandidate (1): [6][6]=6
EliminateCandidate (1): [6][7]=9
EliminateCandidate (1): [2][7]=6
EliminateCandidate (1): [2][8]=9
solved: capability level 3
8 7 9  6 1 2  4 3 5
5 2 1  8 4 3  6 9 7
3 4 6  9 5 7  8 1 2

6 5 7  1 3 9  2 4 8
1 9 8  4 2 5  7 6 3
4 3 2  7 8 6  9 5 1

7 6 5  2 9 1  3 8 4
2 8 3  5 6 4  1 7 9
9 1 4  3 7 8  5 2 6

hard5
3 . 8  . . .  2 . 1
. . .  8 . 2  . . .
. 9 .  4 . 3  . 7 .

8 . .  . . .  . . 7
. 7 4  . . .  1 5 .
1 . .  . . .  . . 4

. 4 .  6 . 5  . 3 .
. . .  3 . 9  . . .
6 . 9  . . .  7 . 5

SingleDestination (2): [9][2]=3
SingleDestination (2): [5][1]=9
EliminateCandidate (1): [5][4]=2
EliminateCandidate (1): [9][4]=1
SingleDestination (2): [2][1]=4
SingleDestination (2): [8][8]=1
SingleDestination (2): [8][7]=4
SingleDestination (2): [4][6]=1
SingleDestination (2): [2][2]=1
SingleDestination (2): [8][2]=8
SingleDestination (2): [8][9]=6
EliminateCandidate (1): [3][9]=8
EliminateCandidate (1): [5][9]=3
EliminateCandidate (1): [2][9]=9
EliminateCandidate (1): [2][8]=6
EliminateCandidate (1): [3][7]=5
EliminateCandidate (1): [3][1]=2
EliminateCandidate (1): [7][1]=7
EliminateCandidate (1): [8][1]=5
EliminateCandidate (1): [8][3]=2
EliminateCandidate (1): [8][5]=7
EliminateCandidate (1): [2][5]=5
EliminateCandidate (1): [2][3]=7
EliminateCandidate (1): [2][7]=3
EliminateCandidate (1): [7][3]=1
EliminateCandidate (1): [3][3]=6
EliminateCandidate (1): [3][5]=1
EliminateCandidate (1): [1][2]=5
EliminateCandidate (1): [7][9]=2
EliminateCandidate (1): [7][5]=8
EliminateCandidate (1): [7][7]=9
EliminateCandidate (1): [4][7]=6
EliminateCandidate (1): [4][2]=2
EliminateCandidate (1): [4][8]=9
EliminateCandidate (1): [4][4]=5
EliminateCandidate (1): [4][3]=3
EliminateCandidate (1): [6][3]=5
EliminateCandidate (1): [1][8]=4
EliminateCandidate (1): [6][2]=6
EliminateCandidate (1): [6][7]=8
EliminateCandidate (1): [6][6]=7
EliminateCandidate (1): [6][4]=9
EliminateCandidate (1): [6][5]=3
EliminateCandidate (1): [1][4]=7
EliminateCandidate (1): [1][6]=6
EliminateCandidate (1): [1][5]=9
EliminateCandidate (1): [5][6]=8
EliminateCandidate (1): [5][5]=6
EliminateCandidate (1): [4][5]=4
EliminateCandidate (1): [9][6]=4
EliminateCandidate (1): [6][8]=2
EliminateCandidate (1): [9][8]=8
EliminateCandidate (1): [9][5]=2
solved: capability level 2
3 5 8  7 9 6  2 4 1
4 1 7  8 5 2  3 6 9
2 9 6  4 1 3  5 7 8

8 2 3  5 4 1  6 9 7
9 7 4  2 6 8  1 5 3
1 6 5  9 3 7  8 2 4

7 4 1  6 8 5  9 3 2
5 8 2  3 7 9  4 1 6
6 3 9  1 2 4  7 8 5

hard6
. . 6  . . 1  . . .
. . .  . 6 7  . 2 .
7 . .  . . .  4 . .

. 2 .  7 . .  5 3 .
6 . .  . 9 .  . . 2
. 3 4  . . 2  . 8 .

. . 8  . . .  . . 1
. 4 .  9 2 .  . . .
. . .  8 . .  3 . .

SingleDestination (2): [7][7]=2
SingleDestination (2): [9][5]=1
EliminateCandidate (1): [6][5]=5
SingleDestination (2): [3][6]=9
SingleDestination (2): [7][5]=7
EliminateCandidates (1): [4][1]=8
EliminateCandidate (1): [4][5]=4
EliminateCandidate (1): [4][6]=6
EliminateCandidate (1): [4][9]=9
EliminateCandidate (1): [4][3]=1
EliminateCandidate (1): [6][1]=9
EliminateCandidate (1): [6][4]=1
EliminateCandidate (1): [5][4]=3
EliminateCandidate (1): [5][6]=8
EliminateCandidates (1): [5][7]=1
EliminateCandidates (1): [5][8]=4
SingleDestination (2): [9][9]=4
EliminateCandidate (1): [9][6]=5
EliminateCandidate (1): [9][1]=2
EliminateCandidate (1): [8][6]=3
EliminateCandidate (1): [7][6]=4
EliminateCandidate (1): [7][4]=6
SingleDestination (2): [8][1]=1
SingleDestination (2): [7][1]=3
SingleDestination (2): [9][2]=6
SingleDestination (2): [3][8]=1
SingleDestination (2): [2][2]=1
SingleDestination (2): [3][3]=2
EliminateCandidate (1): [3][4]=5
EliminateCandidate (1): [3][2]=8
EliminateCandidate (1): [3][5]=3
EliminateCandidate (1): [1][5]=8
EliminateCandidate (1): [3][9]=6
EliminateCandidate (1): [6][9]=7
EliminateCandidate (1): [6][7]=6
EliminateCandidate (1): [2][4]=4
EliminateCandidate (1): [2][1]=5
EliminateCandidate (1): [1][1]=4
EliminateCandidate (1): [1][4]=2
EliminateCandidate (1): [1][2]=9
EliminateCandidate (1): [1][7]=7
EliminateCandidate (1): [8][7]=8
EliminateCandidate (1): [8][9]=5
EliminateCandidate (1): [8][3]=7
EliminateCandidate (1): [5][3]=5
EliminateCandidate (1): [5][2]=7
EliminateCandidate (1): [9][3]=9
EliminateCandidate (1): [9][8]=7
EliminateCandidate (1): [2][3]=3
EliminateCandidate (1): [2][9]=8
EliminateCandidate (1): [2][7]=9
EliminateCandidate (1): [1][8]=5
EliminateCandidate (1): [1][9]=3
EliminateCandidate (1): [7][8]=9
EliminateCandidate (1): [7][2]=5
EliminateCandidate (1): [8][8]=6
solved: capability level 3
4 9 6  2 8 1  7 5 3
5 1 3  4 6 7  9 2 8
7 8 2  5 3 9  4 1 6

8 2 1  7 4 6  5 3 9
6 7 5  3 9 8  1 4 2
9 3 4  1 5 2  6 8 7

3 5 8  6 7 4  2 9 1
1 4 7  9 2 3  8 6 5
2 6 9  8 1 5  3 7 4

hard7
4 2 .  . . .  . . .
. 8 .  6 . .  . . .
. 3 .  7 . 2  8 . .

. . 8  3 1 .  7 . .
. 4 .  . . .  . 5 .
. . 2  . 6 4  9 . .

. . 5  2 . 1  . 7 .
. . .  . . 3  . 1 .
. . .  . . .  . 3 8

EliminateCandidate (1): [6][8]=8
EliminateCandidate (1): [6][4]=5
EliminateCandidate (1): [4][6]=9
EliminateCandidate (1): [2][6]=5
EliminateCandidate (1): [1][6]=8
EliminateCandidate (1): [5][6]=7
EliminateCandidate (1): [9][6]=6
EliminateCandidate (1): [5][4]=8
EliminateCandidate (1): [5][5]=2
SingleDestination (2): [7][1]=3
SingleDestination (2): [5][3]=3
SingleDestination (2): [1][4]=1
SingleDestination (2): [3][1]=5
EliminateCandidate (1): [4][1]=6
EliminateCandidate (1): [4][2]=5
SingleDestination (2): [8][1]=8
SingleDestination (2): [7][5]=8
SingleDestination (2): [6][9]=3
SingleDestination (2): [5][1]=9
SingleDestination (2): [9][1]=2
DualRowLimitedDestination (5): [9][7]=5
EliminateCandidate (1): [9][5]=7
EliminateCandidate (1): [8][5]=5
SingleDestination (2): [1][9]=5
SingleDestination (2): [2][9]=7
EliminateCandidate (1): [2][1]=1
EliminateCandidate (1): [6][1]=7
EliminateCandidate (1): [6][2]=1
EliminateCandidate (1): [9][2]=9
EliminateCandidate (1): [9][4]=4
EliminateCandidate (1): [9][3]=1
EliminateCandidate (1): [8][4]=9
EliminateCandidate (1): [7][2]=6
EliminateCandidate (1): [7][7]=4
EliminateCandidate (1): [7][9]=9
EliminateCandidate (1): [8][2]=7
EliminateCandidate (1): [8][3]=4
EliminateCandidate (1): [2][3]=9
EliminateCandidate (1): [3][3]=6
EliminateCandidate (1): [1][3]=7
SingleDestination (2): [1][8]=6
EliminateCandidate (1): [1][7]=3
EliminateCandidate (1): [1][5]=9
EliminateCandidate (1): [3][5]=4
EliminateCandidate (1): [3][8]=9
EliminateCandidate (1): [3][9]=1
EliminateCandidate (1): [5][9]=6
EliminateCandidate (1): [5][7]=1
EliminateCandidate (1): [8][9]=2
EliminateCandidate (1): [8][7]=6
EliminateCandidate (1): [4][9]=4
EliminateCandidate (1): [4][8]=2
EliminateCandidate (1): [2][8]=4
EliminateCandidate (1): [2][5]=3
EliminateCandidate (1): [2][7]=2
solved: capability level 5
4 2 7  1 9 8  3 6 5
1 8 9  6 3 5  2 4 7
5 3 6  7 4 2  8 9 1

6 5 8  3 1 9  7 2 4
9 4 3  8 2 7  1 5 6
7 1 2  5 6 4  9 8 3

3 6 5  2 8 1  4 7 9
8 7 4  9 5 3  6 1 2
2 9 1  4 7 6  5 3 8

hard8
2 . .  6 . .  . . .
. . .  . 7 2  . . 5
9 . .  . . 1  . 7 .

. 6 .  1 . .  9 . .
. 1 5  . . .  6 4 .
. . 2  . . 8  . 3 .

. 8 .  3 . .  . . 9
1 . .  8 2 .  . . .
. . .  . . 9  . . 6

EliminateCandidate (1): [8][8]=5
SingleDestination (2): [9][2]=2
SingleDestination (2): [6][7]=5
SingleDestination (2): [5][4]=2
SingleDestination (2): [6][5]=6
SingleDestination (2): [6][2]=9
SingleDestination (2): [2][8]=6
SingleDestination (2): [3][3]=6
SingleDestination (2): [1][8]=9
SingleDestination (2): [5][5]=9
SingleDestination (2): [2][4]=9
SingleDestination (2): [8][3]=9
SingleDestination (2): [7][1]=6
SingleDestination (2): [8][6]=6
SingleDestination (2): [6][9]=1
SingleDestination (2): [9][1]=5
SingleDestination (2): [3][4]=5
SingleDestination (2): [1][2]=5
SingleDestination (2): [1][3]=7
EliminateCandidate (1): [7][3]=4
EliminateCandidate (1): [9][3]=3
EliminateCandidate (1): [4][3]=8
EliminateCandidate (1): [4][8]=2
EliminateCandidate (1): [7][8]=1
EliminateCandidate (1): [7][5]=5
EliminateCandidate (1): [7][6]=7
EliminateCandidate (1): [5][6]=3
EliminateCandidate (1): [1][6]=4
EliminateCandidate (1): [4][6]=5
EliminateCandidate (1): [4][5]=4
EliminateCandidate (1): [9][5]=1
EliminateCandidate (1): [9][8]=8
EliminateCandidate (1): [6][4]=7
EliminateCandidate (1): [6][1]=4
EliminateCandidate (1): [9][4]=4
EliminateCandidate (1): [9][7]=7
EliminateCandidate (1): [7][7]=2
EliminateCandidate (1): [4][9]=7
EliminateCandidate (1): [4][1]=3
EliminateCandidate (1): [2][1]=8
EliminateCandidate (1): [2][3]=1
EliminateCandidate (1): [5][1]=7
EliminateCandidate (1): [5][9]=8
EliminateCandidate (1): [1][9]=3
EliminateCandidate (1): [1][5]=8
EliminateCandidate (1): [3][5]=3
EliminateCandidate (1): [3][2]=4
EliminateCandidate (1): [2][2]=3
EliminateCandidate (1): [2][7]=4
EliminateCandidate (1): [8][7]=3
EliminateCandidate (1): [8][2]=7
EliminateCandidate (1): [8][9]=4
EliminateCandidate (1): [1][7]=1
EliminateCandidate (1): [3][7]=8
EliminateCandidate (1): [3][9]=2
solved: capability level 2
2 5 7  6 8 4  1 9 3
8 3 1  9 7 2  4 6 5
9 4 6  5 3 1  8 7 2

3 6 8  1 4 5  9 2 7
7 1 5  2 9 3  6 4 8
4 9 2  7 6 8  5 3 1

6 8 4  3 5 7  2 1 9
1 7 9  8 2 6  3 5 4
5 2 3  4 1 9  7 8 6

hard9
. . .  3 . .  5 . .
. 7 .  2 . .  . . 4
. . .  . . 8  . 6 2

. . 8  . . 9  . . 3
. . 5  7 . 6  4 . .
1 . .  5 . .  9 . .

9 3 .  8 . .  . . .
6 . .  . . 1  . 7 .
. . 1  . . 3  . . .

EliminateCandidate (1): [2][6]=5
SingleDestination (2): [8][7]=3
SingleDestination (2): [4][8]=5
SingleDestination (2): [5][2]=9
SingleDestination (2): [2][8]=3
EliminateCandidate (1): [2][1]=8
EliminateCandidate (1): [2][7]=1
EliminateCandidate (1): [3][7]=7
SingleDestination (2): [6][9]=7
SingleDestination (2): [9][7]=8
SingleDestination (2): [9][4]=6
SingleDestination (2): [7][3]=7
SingleDestination (2): [8][2]=8
SingleDestination (2): [4][1]=7
SingleDestination (2): [9][5]=7
SingleDestination (2): [1][6]=7
SingleDestination (2): [4][7]=6
EliminateCandidate (1): [7][7]=2
EliminateCandidate (1): [7][6]=4
EliminateCandidate (1): [7][5]=5
EliminateCandidate (1): [6][6]=2
EliminateCandidate (1): [6][8]=8
EliminateCandidate (1): [1][8]=9
EliminateCandidate (1): [1][9]=8
EliminateCandidate (1): [5][9]=1
EliminateCandidate (1): [7][9]=6
EliminateCandidate (1): [5][8]=2
EliminateCandidate (1): [5][1]=3
EliminateCandidate (1): [5][5]=8
EliminateCandidate (1): [7][8]=1
EliminateCandidate (1): [9][8]=4
EliminateCandidate (1): [8][4]=9
EliminateCandidate (1): [8][9]=5
EliminateCandidate (1): [9][9]=9
EliminateCandidate (1): [8][5]=2
EliminateCandidate (1): [8][3]=4
EliminateCandidate (1): [6][3]=6
EliminateCandidate (1): [6][2]=4
EliminateCandidate (1): [6][5]=3
EliminateCandidate (1): [4][2]=2
EliminateCandidate (1): [9][2]=5
EliminateCandidate (1): [9][1]=2
EliminateCandidate (1): [1][1]=4
EliminateCandidate (1): [3][1]=5
EliminateCandidate (1): [3][2]=1
EliminateCandidate (1): [3][4]=4
EliminateCandidate (1): [4][4]=1
EliminateCandidate (1): [4][5]=4
EliminateCandidate (1): [3][5]=9
EliminateCandidate (1): [3][3]=3
EliminateCandidate (1): [2][5]=6
EliminateCandidate (1): [2][3]=9
EliminateCandidate (1): [1][5]=1
EliminateCandidate (1): [1][2]=6
EliminateCandidate (1): [1][3]=2
solved: capability level 2
4 6 2  3 1 7  5 9 8
8 7 9  2 6 5  1 3 4
5 1 3  4 9 8  7 6 2

7 2 8  1 4 9  6 5 3
3 9 5  7 8 6  4 2 1
1 4 6  5 3 2  9 8 7

9 3 7  8 5 4  2 1 6
6 8 4  9 2 1  3 7 5
2 5 1  6 7 3  8 4 9

hard10
. . .  . 5 4  . 6 .
. 8 .  . . .  . 7 .
. . 4  7 6 .  . . .

. . 3  4 . .  9 . .
. 9 .  . . .  . 3 .
. . 6  . . 7  8 . .

. . .  . 7 2  5 . .
. 7 .  . . .  . 2 .
. 2 .  8 9 .  . . .

SingleDestination (2): [8][5]=4
SingleDestination (2): [6][4]=9
SingleDestination (2): [3][6]=8
SingleDestination (2): [2][1]=6
SingleDestination (2): [7][8]=8
SingleDestination (2): [2][6]=9
SingleDestination (2): [7][2]=6
SingleDestination (2): [6][5]=3
SingleDestination (2): [1][9]=8
SingleDestination (2): [3][8]=9
SingleDestination (2): [6][2]=4
SingleDestination (2): [9][8]=4
SingleDestination (2): [7][1]=4
EliminateCandidates (1): [4][6]=6
EliminateCandidates (1): [6][9]=2
EliminateCandidate (1): [4][9]=7
SingleDestination (2): [9][7]=7
SingleDestination (2): [8][4]=6
SingleDestination (2): [5][7]=6
EliminateCandidate (1): [5][9]=4
SingleDestination (2): [5][4]=5
EliminateCandidate (1): [5][6]=1
SingleDestination (2): [9][9]=6
SingleDestination (2): [2][7]=4
SingleDestination (2): [7][4]=1
EliminateCandidate (1): [7][3]=9
EliminateCandidate (1): [7][9]=3
EliminateCandidate (1): [8][7]=1
EliminateCandidate (1): [8][9]=9
SingleDestination (2): [2][5]=1
EliminateCandidate (1): [2][9]=5
EliminateCandidate (1): [2][3]=2
EliminateCandidate (1): [2][4]=3
EliminateCandidate (1): [1][4]=2
EliminateCandidate (1): [1][7]=3
EliminateCandidate (1): [1][2]=1
EliminateCandidate (1): [1][3]=7
EliminateCandidate (1): [1][1]=9
EliminateCandidate (1): [4][2]=5
EliminateCandidate (1): [4][8]=1
EliminateCandidate (1): [6][8]=5
EliminateCandidate (1): [6][1]=1
EliminateCandidate (1): [3][2]=3
EliminateCandidate (1): [3][7]=2
EliminateCandidate (1): [3][1]=5
EliminateCandidate (1): [3][9]=1
EliminateCandidate (1): [9][1]=3
EliminateCandidate (1): [9][6]=5
EliminateCandidate (1): [9][3]=1
EliminateCandidate (1): [8][6]=3
EliminateCandidate (1): [8][1]=8
EliminateCandidate (1): [8][3]=5
EliminateCandidate (1): [4][1]=2
EliminateCandidate (1): [4][5]=8
EliminateCandidate (1): [5][5]=2
EliminateCandidate (1): [5][3]=8
EliminateCandidate (1): [5][1]=7
solved: capability level 3
9 1 7  2 5 4  3 6 8
6 8 2  3 1 9  4 7 5
5 3 4  7 6 8  2 9 1

2 5 3  4 8 6  9 1 7
7 9 8  5 2 1  6 3 4
1 4 6  9 3 7  8 5 2

4 6 9  1 7 2  5 8 3
8 7 5  6 4 3  1 2 9
3 2 1  8 9 5  7 4 6

hard11
. . 2  5 . .  . . .
4 . 1  . . 9  . . .
. 3 6  8 . .  . 1 .

9 7 .  4 . .  . . .
. . .  . 9 .  . . .
. . .  . . 2  . 8 7

. 6 .  . . 4  1 9 .
. . .  9 . .  4 . 3
. . .  . . 3  8 . .

EliminateCandidate (1): [3][6]=7
EliminateCandidate (1): [3][1]=5
EliminateCandidate (1): [2][2]=8
EliminateCandidate (1): [1][2]=9
EliminateCandidate (1): [1][1]=7
SingleDestination (2): [9][3]=9
SingleDestination (2): [6][7]=9
EliminateCandidate (1): [3][7]=2
EliminateCandidate (1): [3][5]=4
EliminateCandidate (1): [3][9]=9
SingleDestination (2): [5][4]=7
EliminateCandidate (1): [7][4]=2
EliminateCandidate (1): [7][9]=5
EliminateCandidate (1): [2][9]=6
EliminateCandidate (1): [1][7]=3
EliminateCandidate (1): [1][8]=4
EliminateCandidate (1): [1][9]=8
EliminateCandidate (1): [9][9]=2
EliminateCandidate (1): [9][1]=1
EliminateCandidate (1): [4][9]=1
EliminateCandidate (1): [5][9]=4
EliminateCandidate (1): [2][4]=3
EliminateCandidate (1): [2][5]=2
EliminateCandidate (1): [9][4]=6
EliminateCandidate (1): [9][8]=7
EliminateCandidate (1): [9][5]=5
EliminateCandidate (1): [9][2]=4
EliminateCandidate (1): [2][8]=5
EliminateCandidate (1): [2][7]=7
EliminateCandidate (1): [8][8]=6
EliminateCandidate (1): [6][4]=1
EliminateCandidate (1): [6][2]=5
EliminateCandidate (1): [8][2]=2
EliminateCandidate (1): [8][1]=8
EliminateCandidate (1): [8][6]=1
EliminateCandidate (1): [8][5]=7
EliminateCandidate (1): [8][3]=5
EliminateCandidate (1): [7][5]=8
EliminateCandidate (1): [7][1]=3
EliminateCandidate (1): [6][1]=6
EliminateCandidate (1): [7][3]=7
EliminateCandidate (1): [1][6]=6
EliminateCandidate (1): [1][5]=1
EliminateCandidate (1): [6][5]=3
EliminateCandidate (1): [6][3]=4
EliminateCandidate (1): [4][5]=6
EliminateCandidate (1): [4][7]=5
EliminateCandidate (1): [4][6]=8
EliminateCandidate (1): [4][3]=3
EliminateCandidate (1): [4][8]=2
EliminateCandidate (1): [5][8]=3
EliminateCandidate (1): [5][3]=8
EliminateCandidate (1): [5][1]=2
EliminateCandidate (1): [5][2]=1
EliminateCandidate (1): [5][7]=6
EliminateCandidate (1): [5][6]=5
solved: capability level 2
7 9 2  5 1 6  3 4 8
4 8 1  3 2 9  7 5 6
5 3 6  8 4 7  2 1 9

9 7 3  4 6 8  5 2 1
2 1 8  7 9 5  6 3 4
6 5 4  1 3 2  9 8 7

3 6 7  2 8 4  1 9 5
8 2 5  9 7 1  4 6 3
1 4 9  6 5 3  8 7 2

hard12
1 . .  8 . 9  . 5 .
. . .  2 . .  1 . .
2 . .  . 6 .  . 4 .

. . .  . . 3  9 . .
. 5 .  . . .  . 6 .
. . 8  1 . .  . . .

. 7 .  . 1 .  . . 4
. . 6  . . 2  . . .
. 3 .  7 . 4  . . 5

SingleDestination (2): [6][7]=5
SingleDestination (2): [3][6]=1
SingleDestination (2): [5][7]=4
EliminateCandidate (1): [5][4]=9
SingleDestination (2): [4][4]=4
SingleDestination (2): [9][7]=6
SingleDestination (2): [4][5]=5
SingleDestination (2): [6][6]=6
SingleDestination (2): [7][4]=6
SingleDestination (2): [4][2]=2
SingleDestination (2): [4][1]=6
SingleDestination (2): [8][2]=1
EliminateCandidate (1): [9][3]=2
EliminateCandidate (1): [9][8]=1
SingleDestination (2): [8][1]=4
EliminateCandidate (1): [6][1]=9
EliminateCandidate (1): [6][2]=4
EliminateCandidate (1): [1][2]=6
EliminateCandidate (1): [9][1]=8
EliminateCandidate (1): [9][5]=9
EliminateCandidate (1): [7][1]=5
EliminateCandidate (1): [7][3]=9
EliminateCandidate (1): [7][6]=8
EliminateCandidate (1): [5][6]=7
EliminateCandidate (1): [5][1]=3
EliminateCandidate (1): [5][3]=1
EliminateCandidate (1): [4][3]=7
EliminateCandidate (1): [4][8]=8
EliminateCandidate (1): [4][9]=1
EliminateCandidate (1): [5][9]=2
EliminateCandidate (1): [5][5]=8
EliminateCandidate (1): [8][5]=3
EliminateCandidate (1): [8][4]=5
EliminateCandidate (1): [3][4]=3
EliminateCandidate (1): [3][3]=5
EliminateCandidate (1): [2][1]=7
EliminateCandidate (1): [2][6]=5
EliminateCandidate (1): [2][5]=4
EliminateCandidate (1): [2][3]=3
EliminateCandidate (1): [2][8]=9
EliminateCandidate (1): [2][2]=8
EliminateCandidate (1): [3][2]=9
EliminateCandidate (1): [2][9]=6
EliminateCandidate (1): [1][3]=4
EliminateCandidate (1): [1][5]=7
EliminateCandidate (1): [6][5]=2
EliminateCandidate (1): [8][8]=7
EliminateCandidate (1): [8][7]=8
EliminateCandidate (1): [3][7]=7
EliminateCandidate (1): [3][9]=8
EliminateCandidate (1): [6][8]=3
EliminateCandidate (1): [6][9]=7
EliminateCandidate (1): [7][8]=2
EliminateCandidate (1): [7][7]=3
EliminateCandidate (1): [1][7]=2
EliminateCandidate (1): [1][9]=3
EliminateCandidate (1): [8][9]=9
solved: capability level 3
1 6 4  8 7 9  2 5 3
7 8 3  2 4 5  1 9 6
2 9 5  3 6 1  7 4 8

6 2 7  4 5 3  9 8 1
3 5 1  9 8 7  4 6 2
9 4 8  1 2 6  5 3 7

5 7 9  6 1 8  3 2 4
4 1 6  5 3 2  8 7 9
8 3 2  7 9 4  6 1 5

hard13
. . 3  . 2 .  . 9 .
. . 2  . . 5  . . .
9 . 4  . 8 .  . . 1

4 . .  . 6 .  . 8 .
. . .  5 . 7  . . .
. 3 .  . 1 .  . . 4

1 . .  . 5 .  3 . 9
. . .  1 . .  8 . .
. 7 .  . 9 .  2 . .

SingleDestination (2): [9][8]=1
SingleDestination (2): [5][5]=4
SingleDestination (2): [3][8]=2
SingleDestination (2): [1][6]=1
SingleDestination (2): [2][4]=9
SingleDestination (2): [2][2]=1
SingleDestination (2): [1][4]=4
SingleDestination (2): [2][7]=4
SingleDestination (2): [9][6]=4
LimitedDestination (4): [3][2]=5
LimitedDestination (4): [3][7]=7
LimitedDestination (4): [2][5]=7
EliminateCandidate (1): [8][5]=3
SingleDestination (2): [7][4]=7
SingleDestination (2): [9][1]=3
SingleDestination (2): [1][1]=7
EliminateCandidates (1): [7][8]=4
SingleDestination (2): [8][2]=4
SingleDestination (2): [8][3]=9
EliminateCandidates (1): [1][9]=8
EliminateCandidate (1): [1][2]=6
EliminateCandidate (1): [1][7]=5
EliminateCandidate (1): [4][7]=1
EliminateCandidate (1): [2][1]=8
EliminateCandidates (1): [2][9]=3
EliminateCandidate (1): [2][8]=6
EliminateCandidate (1): [5][8]=3
EliminateCandidates (1): [5][9]=2
EliminateCandidate (1): [5][1]=6
EliminateCandidate (1): [5][7]=9
EliminateCandidate (1): [6][7]=6
EliminateCandidate (1): [5][2]=8
EliminateCandidate (1): [5][3]=1
EliminateCandidate (1): [7][2]=2
EliminateCandidate (1): [4][2]=9
EliminateCandidate (1): [8][1]=5
EliminateCandidate (1): [8][8]=7
EliminateCandidate (1): [6][8]=5
EliminateCandidate (1): [6][1]=2
EliminateCandidate (1): [6][4]=8
EliminateCandidate (1): [9][4]=6
EliminateCandidate (1): [9][9]=5
EliminateCandidate (1): [9][3]=8
EliminateCandidate (1): [7][3]=6
EliminateCandidate (1): [7][6]=8
EliminateCandidate (1): [4][9]=7
EliminateCandidate (1): [4][3]=5
EliminateCandidate (1): [6][3]=7
EliminateCandidate (1): [8][9]=6
EliminateCandidate (1): [8][6]=2
EliminateCandidate (1): [4][6]=3
EliminateCandidate (1): [4][4]=2
EliminateCandidate (1): [6][6]=9
EliminateCandidate (1): [3][6]=6
EliminateCandidate (1): [3][4]=3
solved: capability level 4
7 6 3  4 2 1  5 9 8
8 1 2  9 7 5  4 6 3
9 5 4  3 8 6  7 2 1

4 9 5  2 6 3  1 8 7
6 8 1  5 4 7  9 3 2
2 3 7  8 1 9  6 5 4

1 2 6  7 5 8  3 4 9
5 4 9  1 3 2  8 7 6
3 7 8  6 9 4  2 1 5

xwing-row
9 . .  . 5 1  7 3 .
1 . 7  3 9 8  2 . 5
5 . .  . 7 6  . 9 1

8 1 .  7 2 4  3 5 .
2 . .  1 6 5  . . 7
. 7 5  9 8 3  . 1 2

. 2 1  5 3 7  . . .
7 5 8  6 4 9  1 2 3
3 9 .  8 1 2  5 7 .

XWing-row(6): [1][9]=8
EliminateCandidate (1): [1][2]=6
EliminateCandidate (1): [2][2]=4
EliminateCandidate (1): [2][8]=6
EliminateCandidate (1): [7][8]=8
EliminateCandidate (1): [5][8]=4
EliminateCandidate (1): [5][2]=3
EliminateCandidate (1): [5][3]=9
EliminateCandidate (1): [4][3]=6
EliminateCandidate (1): [4][9]=9
EliminateCandidate (1): [9][3]=4
EliminateCandidate (1): [9][9]=6
EliminateCandidate (1): [7][9]=4
EliminateCandidate (1): [7][1]=6
EliminateCandidate (1): [7][7]=9
EliminateCandidate (1): [6][1]=4
EliminateCandidate (1): [6][7]=6
EliminateCandidate (1): [1][3]=2
EliminateCandidate (1): [1][4]=4
EliminateCandidate (1): [3][4]=2
EliminateCandidate (1): [3][3]=3
EliminateCandidate (1): [5][7]=8
EliminateCandidate (1): [3][7]=4
EliminateCandidate (1): [3][2]=8
solved: capability level 6
9 6 2  4 5 1  7 3 8
1 4 7  3 9 8  2 6 5
5 8 3  2 7 6  4 9 1

8 1 6  7 2 4  3 5 9
2 3 9  1 6 5  8 4 7
4 7 5  9 8 3  6 1 2

6 2 1  5 3 7  9 8 4
7 5 8  6 4 9  1 2 3
3 9 4  8 1 2  5 7 6

xwing-col
. . 2  . . .  . . 8
. . .  . 6 1  . . .
. . 3  9 . .  4 5 .

5 3 .  7 . 2  . . .
9 2 8  . . .  . . .
. 6 .  . . .  3 . .

. . .  5 . .  1 . 3
2 7 .  . 1 .  . . .
3 . .  . 8 .  . 6 9

XWing-col(6): [2][9]=7
SingleDestination (2): [6][3]=7
EliminateCandidates (1): [6][1]=1
EliminateCandidate (1): [4][3]=4
EliminateCandidate (1): [4][5]=9
EliminateCandidates (1): [2][3]=5
EliminateCandidate (1): [9][3]=1
EliminateCandidate (1): [9][2]=5
SingleDestination (2): [6][8]=9
EliminateCandidate (1): [2][8]=3
EliminateCandidate (1): [1][8]=1
EliminateCandidate (1): [4][8]=8
EliminateCandidate (1): [4][7]=6
EliminateCandidate (1): [4][9]=1
EliminateCandidate (1): [1][7]=9
EliminateCandidate (1): [1][2]=4
EliminateCandidate (1): [1][4]=3
EliminateCandidate (1): [8][4]=6
EliminateCandidate (1): [8][3]=9
EliminateCandidate (1): [7][3]=6
EliminateCandidate (1): [8][6]=3
EliminateCandidate (1): [1][5]=5
EliminateCandidate (1): [6][5]=4
EliminateCandidate (1): [6][4]=8
EliminateCandidate (1): [6][6]=5
EliminateCandidate (1): [6][9]=2
EliminateCandidate (1): [3][9]=6
EliminateCandidate (1): [3][1]=7
EliminateCandidate (1): [3][5]=2
EliminateCandidate (1): [7][5]=7
EliminateCandidate (1): [7][6]=9
EliminateCandidate (1): [7][8]=2
EliminateCandidate (1): [9][7]=7
EliminateCandidate (1): [9][6]=4
EliminateCandidate (1): [9][4]=2
EliminateCandidate (1): [2][4]=4
EliminateCandidate (1): [2][1]=8
EliminateCandidate (1): [7][1]=4
EliminateCandidate (1): [7][2]=8
EliminateCandidate (1): [3][2]=1
EliminateCandidate (1): [2][2]=9
EliminateCandidate (1): [2][7]=2
EliminateCandidate (1): [5][4]=1
EliminateCandidate (1): [1][6]=7
EliminateCandidate (1): [1][1]=6
EliminateCandidate (1): [3][6]=8
EliminateCandidate (1): [5][6]=6
EliminateCandidate (1): [5][7]=5
EliminateCandidate (1): [5][9]=4
EliminateCandidate (1): [5][5]=3
EliminateCandidate (1): [5][8]=7
EliminateCandidate (1): [8][9]=5
EliminateCandidate (1): [8][7]=8
EliminateCandidate (1): [8][8]=4
solved: capability level 6
6 4 2  3 5 7  9 1 8
8 9 5  4 6 1  2 3 7
7 1 3  9 2 8  4 5 6

5 3 4  7 9 2  6 8 1
9 2 8  1 3 6  5 7 4
1 6 7  8 4 5  3 9 2

4 8 6  5 7 9  1 2 3
2 7 9  6 1 3  8 4 5
3 5 1  2 8 4  7 6 9

total puzzles: 15, solved: 15, non-unique solution puzzles: 0
miliseconds used: 93

C:\test\workspaces\jee\jisudokusolver\sample_scripts>rem multiple medium puzzles 

C:\test\workspaces\jee\jisudokusolver\sample_scripts>java -jar ..\jisudokusolver.jar --batch -c --noguess  0<../sample_puzzles/medium 
reading puzzle(s) from console...
medium01
. . .  . . .  . . .
1 . .  9 . 3  . . 7
3 . 4  . . .  6 . 2

. 4 5  . . .  8 2 .
. . .  5 6 1  . . .
. 1 3  . . .  5 9 .

8 . 7  . . .  2 . 4
5 . .  8 . 2  . . 9
. . .  . . .  . . .

solved: capability level 2
2 7 8  4 1 6  9 3 5
1 5 6  9 2 3  4 8 7
3 9 4  7 5 8  6 1 2

6 4 5  3 7 9  8 2 1
9 8 2  5 6 1  7 4 3
7 1 3  2 8 4  5 9 6

8 3 7  1 9 5  2 6 4
5 6 1  8 4 2  3 7 9
4 2 9  6 3 7  1 5 8

medium02
8 3 .  . . 7  5 . .
. . 9  8 6 .  . . .
5 1 .  . . .  . . .

. . .  . . 4  2 8 .
. 6 .  . 9 .  . 1 .
. 7 8  3 . .  . . .

. . .  . . .  . 2 1
. . .  . 3 2  8 . .
. . 1  7 . .  . 3 6

solved: capability level 2
8 3 4  9 1 7  5 6 2
7 2 9  8 6 5  1 4 3
5 1 6  2 4 3  9 7 8

1 5 3  6 7 4  2 8 9
4 6 2  5 9 8  3 1 7
9 7 8  3 2 1  6 5 4

3 9 5  4 8 6  7 2 1
6 4 7  1 3 2  8 9 5
2 8 1  7 5 9  4 3 6

medium03
3 . 8  . . .  . . .
. 7 .  . 1 .  . . 5
. . 9  4 2 .  . . 8

7 . .  . . .  4 . .
. . 3  5 . 8  7 . .
. . 5  . . .  . . 9

2 . .  . 8 4  6 . .
1 . .  . 9 .  . 4 .
. . .  . . .  5 . 1

solved: capability level 2
3 1 8  6 5 9  2 7 4
4 7 2  8 1 3  9 6 5
5 6 9  4 2 7  1 3 8

7 8 1  9 3 2  4 5 6
9 4 3  5 6 8  7 1 2
6 2 5  7 4 1  3 8 9

2 5 7  1 8 4  6 9 3
1 3 6  2 9 5  8 4 7
8 9 4  3 7 6  5 2 1

medium04
. 7 3  . . .  9 6 .
. . .  . 9 .  . 2 .
4 . 8  . . .  . . 7

. . .  . 8 1  . . .
1 . .  3 . 9  . . 5
. . .  4 2 .  . . .

9 . .  . . .  6 . 8
. 5 .  . 1 .  . . .
. 4 6  . . .  1 3 .

solved: capability level 2
2 7 3  1 5 8  9 6 4
5 6 1  7 9 4  8 2 3
4 9 8  6 3 2  5 1 7

7 3 9  5 8 1  2 4 6
1 2 4  3 6 9  7 8 5
6 8 5  4 2 7  3 9 1

9 1 7  2 4 3  6 5 8
3 5 2  8 1 6  4 7 9
8 4 6  9 7 5  1 3 2

medium05
8 2 4  5 . 7  . . .
. . 7  . 6 .  . . .
. . 1  3 . .  . . .

. 6 9  . . 8  . . 4
. . .  . . .  . . .
3 . .  9 . .  2 8 .

. . .  . . 1  6 . .
. . .  . 8 .  1 . .
. . .  6 . 2  5 9 7

solved: capability level 2
8 2 4  5 1 7  3 6 9
5 3 7  8 6 9  4 1 2
6 9 1  3 2 4  8 7 5

1 6 9  2 5 8  7 3 4
7 8 2  1 4 3  9 5 6
3 4 5  9 7 6  2 8 1

2 5 3  7 9 1  6 4 8
9 7 6  4 8 5  1 2 3
4 1 8  6 3 2  5 9 7

medium06
. . 8  . 2 .  . . .
. 6 1  8 . .  3 . .
. . .  7 . .  5 2 .

. . .  1 . .  . . 3
3 . .  4 . 5  . . 9
4 . .  . . 2  . . .

. 4 7  . . 8  . . .
. . 6  . . 1  4 8 .
. . .  . 4 .  1 . .

solved: capability level 2
7 5 8  9 2 3  6 1 4
2 6 1  8 5 4  3 9 7
9 3 4  7 1 6  5 2 8

6 8 5  1 9 7  2 4 3
3 1 2  4 8 5  7 6 9
4 7 9  6 3 2  8 5 1

1 4 7  2 6 8  9 3 5
5 9 6  3 7 1  4 8 2
8 2 3  5 4 9  1 7 6

medium07
8 6 .  . . .  . 9 7
7 . .  . . .  . . 5
. . .  7 1 2  . . .

. . 5  4 . 9  2 . .
. . .  . 2 .  . . .
. . 7  1 . 6  8 . .

. . .  3 5 1  . . .
4 . .  . . .  . . 3
5 3 .  . . .  . 1 8

solved: capability level 2
8 6 2  5 4 3  1 9 7
7 1 4  6 9 8  3 2 5
9 5 3  7 1 2  6 8 4

1 8 5  4 7 9  2 3 6
3 9 6  8 2 5  4 7 1
2 4 7  1 3 6  8 5 9

6 7 8  3 5 1  9 4 2
4 2 1  9 8 7  5 6 3
5 3 9  2 6 4  7 1 8

medium08
7 9 .  . . .  . 1 .
5 . 4  . 9 8  . . .
. . 2  4 . .  . . .

3 . .  . . 7  2 9 .
. . .  3 . 5  . . .
. 2 7  9 . .  . . 3

. . .  . . 3  8 . .
. . .  6 8 .  4 . 9
. 8 .  . . .  . 3 7

solved: capability level 2
7 9 8  5 3 2  6 1 4
5 6 4  1 9 8  3 7 2
1 3 2  4 7 6  9 8 5

3 4 5  8 6 7  2 9 1
6 1 9  3 2 5  7 4 8
8 2 7  9 1 4  5 6 3

9 5 1  7 4 3  8 2 6
2 7 3  6 8 1  4 5 9
4 8 6  2 5 9  1 3 7

total puzzles: 8, solved: 8, non-unique solution puzzles: 0
miliseconds used: 47

C:\test\workspaces\jee\jisudokusolver\sample_scripts>rem bad puzzles 

C:\test\workspaces\jee\jisudokusolver\sample_scripts>java -jar ..\jisudokusolver.jar --batch ../sample_puzzles/bad_puzzles 
input file: ../sample_puzzles/bad_puzzles
reading puzzle(s) from file: ../sample_puzzles/bad_puzzles...
conflict
1 4 5  2 6 .  3 . .
. 2 .  . 3 .  . 4 .
. . 3  . . 4  . . 5

6 . .  4 . .  5 . .
. 7 .  . 5 .  . 6 .
. . 8  . . 6  . . 7

8 . .  9 . .  7 . .
. 9 .  . 1 .  . 8 .
. . 1  . . 2  . . 9

conflict in puzzle detected - sanity check failed: duplicate value of cells within a set - [2][7], [2][6], unsolvable
1 4 5  2 6 7  3 9 8
7 2 6  5 3 9  9 4 1
9 8 3  1 7 4  6 7 5

6 3 9  4 7 8  5 2 1
2 7 9  3 5 1  8 6 4
4 5 8  1 2 6  9 3 7

8 6 2  9 4 5  7 1 3
5 9 4  7 1 3  2 8 6
7 3 1  6 8 2  4 5 9

multiple_solutions
1 4 5  2 . .  3 . .
. 2 .  . 3 .  . 4 .
. . 3  . . 4  . . 5

6 . .  4 . .  5 . .
. 7 .  . 5 .  . 6 .
. . 8  . . 6  . . 7

8 . .  9 . .  7 . .
. 9 .  . 1 .  . 8 .
. . 1  . . 2  . . 9

solved: capability level 7
1 4 5  2 9 8  3 7 6
7 2 6  5 3 1  9 4 8
9 8 3  7 6 4  1 2 5

6 1 9  4 8 7  5 3 2
2 7 4  3 5 9  8 6 1
3 5 8  1 2 6  4 9 7

8 6 2  9 4 5  7 1 3
5 9 7  6 1 3  2 8 4
4 3 1  8 7 2  6 5 9
WARNING: multiple solutions found - if you add to the original puzzle the guessed values, the puzzle will have a unique solution.
guessed values:
. . .  . . .  . . .
. . .  . . .  . . .
. . .  . . .  . . .

. 1 .  . . .  . . .
. . .  . . .  . . .
. . .  . . .  . . .

. . .  . . .  . . .
. . .  . . .  . . .
. . .  . . .  . . .

total puzzles: 2, solved: 1, non-unique solution puzzles: 1
miliseconds used: 62

C:\test\workspaces\jee\jisudokusolver\sample_scripts>rem solve some hard puzzles from Wiki page 

C:\test\workspaces\jee\jisudokusolver\sample_scripts>java -jar ..\jisudokusolver.jar --batch ../sample_puzzles/wikiHard.txt 
input file: ../sample_puzzles/wikiHard.txt
reading puzzle(s) from file: ../sample_puzzles/wikiHard.txt...
Platinum_Blonde
. . .  . . .  . 1 2
. . .  . . .  . . 3
. . 2  3 . .  4 . .

. . 1  8 . .  . . 5
. 6 .  . 7 .  8 . .
. . .  . . 9  . . .

. . 8  5 . .  . . .
9 . .  . 4 .  5 . .
4 7 .  . . 6  . . .

solved: capability level 7
8 3 9  4 6 5  7 1 2
1 4 6  7 8 2  9 5 3
7 5 2  3 9 1  4 8 6

3 9 1  8 2 4  6 7 5
5 6 4  1 7 3  8 2 9
2 8 7  6 5 9  3 4 1

6 2 8  5 3 7  1 9 4
9 1 3  2 4 8  5 6 7
4 7 5  9 1 6  2 3 8

golden_nugget
. . .  . . .  . 3 9
. . .  . . 1  . . 5
. . 3  . 5 .  8 . .

. . 8  . 9 .  . . 6
. 7 .  . . 2  . . .
1 . .  4 . .  . . .

. . 9  . 8 .  . 5 .
. 2 .  . . .  6 . .
4 . .  7 . .  . . .

solved: capability level 7
7 5 1  8 4 6  2 3 9
8 9 2  3 7 1  4 6 5
6 4 3  2 5 9  8 7 1

2 3 8  1 9 7  5 4 6
9 7 4  5 6 2  3 1 8
1 6 5  4 3 8  9 2 7

3 1 9  6 8 4  7 5 2
5 2 7  9 1 3  6 8 4
4 8 6  7 2 5  1 9 3

Red_Dwarf
1 2 .  3 . .  . . 4
3 5 .  . . .  1 . .
. . 4  . . .  . . .

. . 5  4 . .  2 . .
6 . .  . 7 .  . . .
. . .  . . 8  . 9 .

. . 3  1 . .  5 . .
. . .  . . 9  . 7 .
. . .  . 6 .  . . 8

solved: capability level 7
1 2 6  3 9 5  7 8 4
3 5 9  8 4 7  1 6 2
8 7 4  6 2 1  9 5 3

9 8 5  4 1 6  2 3 7
6 3 1  9 7 2  8 4 5
2 4 7  5 3 8  6 9 1

7 6 3  1 8 4  5 2 9
4 1 8  2 5 9  3 7 6
5 9 2  7 6 3  4 1 8

coly013
. . .  . 9 .  . 5 .
. 1 .  . . .  . 3 .
. . 2  3 . .  7 . .

. . 4  5 . .  . 7 .
8 . .  . . .  2 . .
. . .  . . 6  4 . .

. 9 .  . 1 .  . . .
. 8 .  . 6 .  . . .
. . 5  4 . .  . . 7

solved: capability level 7
7 4 3  8 9 2  1 5 6
5 1 8  6 4 7  9 3 2
9 6 2  3 5 1  7 4 8

6 2 4  5 8 9  3 7 1
8 7 9  1 3 4  2 6 5
3 5 1  2 7 6  4 8 9

4 9 6  7 1 5  8 2 3
2 8 7  9 6 3  5 1 4
1 3 5  4 2 8  6 9 7

tarx0134
. . .  . . .  . . 8
. . 3  . . .  4 . .
. 9 .  . 2 .  . 6 .

. . .  . 7 9  . . .
. . .  . 6 1  2 . .
. 6 .  5 . 2  . 7 .

. . 8  . . .  5 . .
. 1 .  . . .  . 2 .
4 . 5  . . .  . . 3

solved: capability level 7
6 2 1  9 4 3  7 5 8
7 8 3  6 1 5  4 9 2
5 9 4  7 2 8  3 6 1

1 4 2  8 7 9  6 3 5
3 5 7  4 6 1  2 8 9
8 6 9  5 3 2  1 7 4

2 3 8  1 9 7  5 4 6
9 1 6  3 5 4  8 2 7
4 7 5  2 8 6  9 1 3

total puzzles: 5, solved: 5, non-unique solution puzzles: 0
miliseconds used: 4359
